<?xml version="1.0" encoding="utf-8"?>
<CoverageSession xmlns:xsd="http://www.w3.org/2001/XMLSchema" xmlns:xsi="http://www.w3.org/2001/XMLSchema-instance">
  <Summary numSequencePoints="281" visitedSequencePoints="10" numBranchPoints="100" visitedBranchPoints="3" sequenceCoverage="3.56" branchCoverage="3" maxCyclomaticComplexity="15" minCyclomaticComplexity="1" />
  <Modules>
    <Module skippedDueTo="Filter" hash="97-C6-7C-EA-E5-E8-93-18-0F-88-E9-64-A7-60-DA-9C-D6-9E-45-21">
      <FullName>C:\Windows\Microsoft.Net\assembly\GAC_32\mscorlib\v4.0_4.0.0.0__b77a5c561934e089\mscorlib.dll</FullName>
      <ModuleName>mscorlib</ModuleName>
      <Classes />
    </Module>
    <Module skippedDueTo="MissingPdb" hash="51-57-32-32-3A-99-BE-2D-0F-55-8E-53-39-A1-87-44-A4-8F-7F-96">
      <FullName>C:\Program Files (x86)\Microsoft Visual Studio 12.0\Common7\IDE\mstest.exe</FullName>
      <ModuleName>MSTest</ModuleName>
      <Classes />
    </Module>
    <Module skippedDueTo="MissingPdb" hash="DC-F8-9B-F7-2C-08-0C-DA-07-27-F8-D5-02-E6-16-D6-41-91-92-AB">
      <FullName>C:\Windows\assembly\GAC_MSIL\Microsoft.VisualStudio.QualityTools.Common\12.0.0.0__b03f5f7f11d50a3a\Microsoft.VisualStudio.QualityTools.Common.dll</FullName>
      <ModuleName>Microsoft.VisualStudio.QualityTools.Common</ModuleName>
      <Classes />
    </Module>
    <Module skippedDueTo="Filter" hash="04-DF-13-16-0B-F4-57-A9-D9-9C-5A-63-DC-51-CD-BF-FD-3A-AF-DA">
      <FullName>C:\Windows\Microsoft.Net\assembly\GAC_MSIL\System\v4.0_4.0.0.0__b77a5c561934e089\System.dll</FullName>
      <ModuleName>System</ModuleName>
      <Classes />
    </Module>
    <Module skippedDueTo="MissingPdb" hash="6C-F3-21-D3-55-B9-65-8F-79-5C-94-83-2B-55-5B-61-F1-44-E2-3D">
      <FullName>C:\Windows\assembly\GAC_MSIL\Microsoft.VisualStudio.QualityTools.ExecutionCommon\12.0.0.0__b03f5f7f11d50a3a\Microsoft.VisualStudio.QualityTools.ExecutionCommon.dll</FullName>
      <ModuleName>Microsoft.VisualStudio.QualityTools.ExecutionCommon</ModuleName>
      <Classes />
    </Module>
    <Module skippedDueTo="MissingPdb" hash="14-3D-05-8D-99-D4-2A-75-D3-21-57-04-93-CD-3F-7B-76-07-28-5E">
      <FullName>C:\Windows\assembly\GAC_MSIL\Microsoft.VisualStudio.QualityTools.Resource\12.0.0.0__b03f5f7f11d50a3a\Microsoft.VisualStudio.QualityTools.Resource.dll</FullName>
      <ModuleName>Microsoft.VisualStudio.QualityTools.Resource</ModuleName>
      <Classes />
    </Module>
    <Module skippedDueTo="Filter" hash="3B-FD-DC-EB-D9-C6-34-64-C7-D5-6A-D1-A0-04-93-80-2B-B0-C7-73">
      <FullName>C:\Windows\Microsoft.Net\assembly\GAC_MSIL\System.Configuration\v4.0_4.0.0.0__b03f5f7f11d50a3a\System.Configuration.dll</FullName>
      <ModuleName>System.Configuration</ModuleName>
      <Classes />
    </Module>
    <Module skippedDueTo="Filter" hash="2C-B8-8B-0E-27-14-38-8E-71-A5-1D-A0-EE-33-D9-22-5F-A4-AF-79">
      <FullName>C:\Windows\Microsoft.Net\assembly\GAC_MSIL\System.Xml\v4.0_4.0.0.0__b77a5c561934e089\System.Xml.dll</FullName>
      <ModuleName>System.Xml</ModuleName>
      <Classes />
    </Module>
    <Module skippedDueTo="MissingPdb" hash="25-DB-39-AF-D2-EF-C6-D7-46-FB-43-4E-6D-00-CA-60-D2-BC-73-4C">
      <FullName>C:\Windows\Microsoft.Net\assembly\GAC_MSIL\Microsoft.VisualStudio.QualityTools.CommandLine\v4.0_12.0.0.0__b03f5f7f11d50a3a\Microsoft.VisualStudio.QualityTools.CommandLine.dll</FullName>
      <ModuleName>Microsoft.VisualStudio.QualityTools.CommandLine</ModuleName>
      <Classes />
    </Module>
    <Module skippedDueTo="MissingPdb" hash="C3-B2-EE-56-03-E2-1E-61-F3-58-71-8C-F2-35-7D-7F-98-94-D9-25">
      <FullName>C:\Windows\assembly\GAC_MSIL\Microsoft.VisualStudio.QualityTools.TMI\12.0.0.0__b03f5f7f11d50a3a\Microsoft.VisualStudio.QualityTools.TMI.dll</FullName>
      <ModuleName>Microsoft.VisualStudio.QualityTools.TMI</ModuleName>
      <Classes />
    </Module>
    <Module skippedDueTo="Filter" hash="68-02-E7-37-4B-55-3F-1D-1D-4B-C3-40-07-45-18-B6-C1-0F-CA-8B">
      <FullName>C:\Windows\Microsoft.Net\assembly\GAC_MSIL\System.resources\v4.0_4.0.0.0_fr_b77a5c561934e089\System.resources.dll</FullName>
      <ModuleName>System.resources</ModuleName>
      <Classes />
    </Module>
    <Module skippedDueTo="Filter" hash="2D-71-F0-AB-23-6A-B5-54-EE-98-D6-44-34-36-65-21-E8-A2-10-64">
      <FullName>C:\Windows\Microsoft.Net\assembly\GAC_32\System.Data\v4.0_4.0.0.0__b77a5c561934e089\System.Data.dll</FullName>
      <ModuleName>System.Data</ModuleName>
      <Classes />
    </Module>
    <Module skippedDueTo="Filter" hash="66-4A-23-3D-B5-1F-BA-D0-4F-61-2F-60-B1-BD-9B-11-4F-6A-74-F1">
      <FullName>C:\Windows\Microsoft.Net\assembly\GAC_MSIL\System.Numerics\v4.0_4.0.0.0__b77a5c561934e089\System.Numerics.dll</FullName>
      <ModuleName>System.Numerics</ModuleName>
      <Classes />
    </Module>
    <Module skippedDueTo="Filter" hash="79-64-3B-9D-84-52-A8-B9-D1-39-91-DD-BC-F1-89-A6-5C-44-55-D4">
      <FullName>C:\Windows\Microsoft.Net\assembly\GAC_32\System.Web\v4.0_4.0.0.0__b03f5f7f11d50a3a\System.Web.dll</FullName>
      <ModuleName>System.Web</ModuleName>
      <Classes />
    </Module>
    <Module skippedDueTo="Filter" hash="79-A8-94-78-12-5A-20-71-0A-77-F6-BF-44-4F-76-CD-EE-98-04-1B">
      <FullName>C:\Windows\Microsoft.Net\assembly\GAC_MSIL\System.Core\v4.0_4.0.0.0__b77a5c561934e089\System.Core.dll</FullName>
      <ModuleName>System.Core</ModuleName>
      <Classes />
    </Module>
    <Module skippedDueTo="MissingPdb" hash="B8-BD-0B-9C-FE-40-35-92-D1-0C-F8-1C-06-DF-75-D9-6D-4E-B5-9F">
      <FullName>C:\Windows\assembly\GAC_MSIL\Microsoft.VisualStudio.QualityTools.Tips.UnitTest.Tip\12.0.0.0__b03f5f7f11d50a3a\Microsoft.VisualStudio.QualityTools.Tips.UnitTest.Tip.dll</FullName>
      <ModuleName>Microsoft.VisualStudio.QualityTools.Tips.UnitTest.Tip</ModuleName>
      <Classes />
    </Module>
    <Module skippedDueTo="MissingPdb" hash="80-91-7B-77-89-19-B3-0A-B9-FD-35-76-4A-23-60-1A-8D-35-58-07">
      <FullName>C:\Windows\assembly\GAC_MSIL\Microsoft.VisualStudio.QualityTools.Tips.UnitTest.ObjectModel\12.0.0.0__b03f5f7f11d50a3a\Microsoft.VisualStudio.QualityTools.Tips.UnitTest.ObjectModel.dll</FullName>
      <ModuleName>Microsoft.VisualStudio.QualityTools.Tips.UnitTest.ObjectModel</ModuleName>
      <Classes />
    </Module>
    <Module skippedDueTo="MissingPdb" hash="B6-BE-C7-09-6A-69-79-02-C4-B3-2E-2E-B9-3D-72-09-BB-84-01-6E">
      <FullName>C:\Windows\assembly\GAC_MSIL\Microsoft.VisualStudio.QualityTools.UnitTestFramework\10.0.0.0__b03f5f7f11d50a3a\Microsoft.VisualStudio.QualityTools.UnitTestFramework.dll</FullName>
      <ModuleName>Microsoft.VisualStudio.QualityTools.UnitTestFramework</ModuleName>
      <Classes />
    </Module>
    <Module skippedDueTo="MissingPdb" hash="91-A7-F9-01-20-FA-B7-30-6F-8D-00-4C-1E-EC-D4-8D-65-53-89-BC">
      <FullName>C:\Windows\assembly\GAC_MSIL\Microsoft.VisualStudio.QualityTools.Tips.UnitTest.AssemblyResolver\12.0.0.0__b03f5f7f11d50a3a\Microsoft.VisualStudio.QualityTools.Tips.UnitTest.AssemblyResolver.dll</FullName>
      <ModuleName>Microsoft.VisualStudio.QualityTools.Tips.UnitTest.AssemblyResolver</ModuleName>
      <Classes />
    </Module>
    <Module hash="B2-15-4A-71-2F-DC-89-13-B0-92-1F-E7-16-11-46-9B-7A-68-16-FB">
      <Summary numSequencePoints="7" visitedSequencePoints="6" numBranchPoints="2" visitedBranchPoints="2" sequenceCoverage="85.71" branchCoverage="100" maxCyclomaticComplexity="1" minCyclomaticComplexity="1" />
      <FullName>C:\Users\Moh\Documents\Visual Studio 2013\Projects\DataBaseGenerator\UnitTest\bin\Debug\UnitTest.dll</FullName>
      <ModuleName>UnitTest</ModuleName>
      <Files>
        <File uid="1" fullPath="c:\Users\Moh\Documents\Visual Studio 2013\Projects\DataBaseGenerator\UnitTest\UnitTest1.cs" />
      </Files>
      <Classes>
        <Class>
          <Summary numSequencePoints="0" visitedSequencePoints="0" numBranchPoints="0" visitedBranchPoints="0" sequenceCoverage="0" branchCoverage="0" maxCyclomaticComplexity="0" minCyclomaticComplexity="0" />
          <FullName>&lt;Module&gt;</FullName>
          <Methods />
        </Class>
        <Class>
          <Summary numSequencePoints="7" visitedSequencePoints="6" numBranchPoints="2" visitedBranchPoints="2" sequenceCoverage="85.71" branchCoverage="100" maxCyclomaticComplexity="1" minCyclomaticComplexity="1" />
          <FullName>UnitTest.DbGeneratorUnitTest</FullName>
          <Methods>
            <Method visited="true" cyclomaticComplexity="1" sequenceCoverage="100" branchCoverage="100" isConstructor="false" isStatic="false" isGetter="false" isSetter="false">
              <Summary numSequencePoints="4" visitedSequencePoints="4" numBranchPoints="1" visitedBranchPoints="1" sequenceCoverage="100" branchCoverage="100" maxCyclomaticComplexity="1" minCyclomaticComplexity="1" />
              <MetadataToken>100663297</MetadataToken>
              <Name>System.Void UnitTest.DbGeneratorUnitTest::TestMethod1()</Name>
              <FileRef uid="1" />
              <SequencePoints>
                <SequencePoint vc="1" uspid="1" ordinal="0" offset="0" sl="12" sc="9" el="12" ec="10" bec="0" bev="0" fileid="1" />
                <SequencePoint vc="1" uspid="2" ordinal="1" offset="1" sl="13" sc="13" el="13" ec="49" bec="0" bev="0" fileid="1" />
                <SequencePoint vc="1" uspid="3" ordinal="2" offset="7" sl="17" sc="13" el="17" ec="33" bec="0" bev="0" fileid="1" />
                <SequencePoint vc="1" uspid="4" ordinal="3" offset="14" sl="18" sc="9" el="18" ec="10" bec="0" bev="0" fileid="1" />
              </SequencePoints>
              <BranchPoints />
              <MethodPoint xsi:type="SequencePoint" vc="1" uspid="1" ordinal="0" offset="0" sl="12" sc="9" el="12" ec="10" bec="0" bev="0" fileid="1" />
            </Method>
            <Method visited="true" cyclomaticComplexity="1" sequenceCoverage="66.67" branchCoverage="100" isConstructor="false" isStatic="false" isGetter="false" isSetter="false">
              <Summary numSequencePoints="3" visitedSequencePoints="2" numBranchPoints="1" visitedBranchPoints="1" sequenceCoverage="66.67" branchCoverage="100" maxCyclomaticComplexity="1" minCyclomaticComplexity="1" />
              <MetadataToken>100663298</MetadataToken>
              <Name>System.Void UnitTest.DbGeneratorUnitTest::TestMethod2()</Name>
              <FileRef uid="1" />
              <SequencePoints>
                <SequencePoint vc="1" uspid="5" ordinal="0" offset="0" sl="22" sc="9" el="22" ec="10" bec="0" bev="0" fileid="1" />
                <SequencePoint vc="1" uspid="6" ordinal="1" offset="1" sl="23" sc="13" el="23" ec="34" bec="0" bev="0" fileid="1" />
                <SequencePoint vc="0" uspid="7" ordinal="2" offset="8" sl="24" sc="9" el="24" ec="10" bec="0" bev="0" fileid="1" />
              </SequencePoints>
              <BranchPoints />
              <MethodPoint xsi:type="SequencePoint" vc="1" uspid="5" ordinal="0" offset="0" sl="22" sc="9" el="22" ec="10" bec="0" bev="0" fileid="1" />
            </Method>
            <Method visited="true" cyclomaticComplexity="1" sequenceCoverage="0" branchCoverage="0" isConstructor="true" isStatic="false" isGetter="false" isSetter="false">
              <Summary numSequencePoints="0" visitedSequencePoints="0" numBranchPoints="0" visitedBranchPoints="0" sequenceCoverage="0" branchCoverage="0" maxCyclomaticComplexity="1" minCyclomaticComplexity="1" />
              <MetadataToken>100663299</MetadataToken>
              <Name>System.Void UnitTest.DbGeneratorUnitTest::.ctor()</Name>
              <SequencePoints />
              <BranchPoints />
              <MethodPoint vc="2" uspid="8" ordinal="0" offset="0" />
            </Method>
          </Methods>
        </Class>
      </Classes>
    </Module>
    <Module skippedDueTo="MissingPdb" hash="D6-D2-A1-C9-DD-EF-1E-23-9A-9B-69-17-B0-3A-5A-89-2A-AD-75-30">
      <FullName>C:\Windows\Microsoft.Net\assembly\GAC_MSIL\Microsoft.VisualStudio.QualityTools.ControllerObject\v4.0_12.0.0.0__b03f5f7f11d50a3a\Microsoft.VisualStudio.QualityTools.ControllerObject.dll</FullName>
      <ModuleName>Microsoft.VisualStudio.QualityTools.ControllerObject</ModuleName>
      <Classes />
    </Module>
    <Module skippedDueTo="MissingPdb" hash="87-C9-BA-8D-5D-BC-48-A2-9A-EE-A2-4C-0D-24-85-14-7E-47-C9-50">
      <FullName>C:\Program Files (x86)\Microsoft Visual Studio 12.0\Common7\IDE\PrivateAssemblies\Microsoft.VisualStudio.TeamSystem.Licensing.dll</FullName>
      <ModuleName>Microsoft.VisualStudio.TeamSystem.Licensing</ModuleName>
      <Classes />
    </Module>
    <Module hash="D8-13-73-6D-35-0A-F0-0E-83-AB-17-E3-A6-75-8B-BF-96-0A-2E-F4">
      <Summary numSequencePoints="274" visitedSequencePoints="4" numBranchPoints="98" visitedBranchPoints="1" sequenceCoverage="1.46" branchCoverage="1.02" maxCyclomaticComplexity="15" minCyclomaticComplexity="1" />
      <FullName>C:\Users\Moh\Documents\Visual Studio 2013\Projects\DataBaseGenerator\unittest\bin\debug\DataBaseGenerator.exe</FullName>
      <ModuleName>DataBaseGenerator</ModuleName>
      <Files>
        <File uid="3" fullPath="c:\Users\Moh\Documents\Visual Studio 2013\Projects\DataBaseGenerator\DataBaseGenerator\DbGenerator.cs" />
        <File uid="5" fullPath="c:\Users\Moh\Documents\Visual Studio 2013\Projects\DataBaseGenerator\DataBaseGenerator\XmlParser.cs" />
        <File uid="6" fullPath="c:\Users\Moh\Documents\Visual Studio 2013\Projects\DataBaseGenerator\DataBaseGenerator\obj\Debug\App.g.cs" />
        <File uid="7" fullPath="c:\Users\Moh\Documents\Visual Studio 2013\Projects\DataBaseGenerator\DataBaseGenerator\App.xaml" />
        <File uid="8" fullPath="c:\Users\Moh\Documents\Visual Studio 2013\Projects\DataBaseGenerator\DataBaseGenerator\MainWindow.xaml.cs" />
        <File uid="9" fullPath="c:\Users\Moh\Documents\Visual Studio 2013\Projects\DataBaseGenerator\DataBaseGenerator\obj\Debug\MainWindow.g.cs" />
        <File uid="10" fullPath="c:\Users\Moh\Documents\Visual Studio 2013\Projects\DataBaseGenerator\DataBaseGenerator\MainWindow.xaml" />
        <File uid="11" fullPath="c:\Users\Moh\Documents\Visual Studio 2013\Projects\DataBaseGenerator\DataBaseGenerator\ModelObject.cs" />
        <File uid="12" fullPath="c:\Users\Moh\Documents\Visual Studio 2013\Projects\DataBaseGenerator\DataBaseGenerator\Properties\Resources.Designer.cs" />
        <File uid="13" fullPath="c:\Users\Moh\Documents\Visual Studio 2013\Projects\DataBaseGenerator\DataBaseGenerator\Properties\Settings.Designer.cs" />
      </Files>
      <Classes>
        <Class>
          <Summary numSequencePoints="0" visitedSequencePoints="0" numBranchPoints="0" visitedBranchPoints="0" sequenceCoverage="0" branchCoverage="0" maxCyclomaticComplexity="0" minCyclomaticComplexity="0" />
          <FullName>&lt;Module&gt;</FullName>
          <Methods />
        </Class>
        <Class>
          <Summary numSequencePoints="127" visitedSequencePoints="4" numBranchPoints="43" visitedBranchPoints="1" sequenceCoverage="3.15" branchCoverage="2.33" maxCyclomaticComplexity="14" minCyclomaticComplexity="1" />
          <FullName>DataBaseGenerator.DbGenerator</FullName>
          <Methods>
            <Method visited="true" cyclomaticComplexity="1" sequenceCoverage="100" branchCoverage="100" isConstructor="true" isStatic="false" isGetter="false" isSetter="false">
              <Summary numSequencePoints="4" visitedSequencePoints="4" numBranchPoints="1" visitedBranchPoints="1" sequenceCoverage="100" branchCoverage="100" maxCyclomaticComplexity="1" minCyclomaticComplexity="1" />
              <MetadataToken>100663297</MetadataToken>
              <Name>System.Void DataBaseGenerator.DbGenerator::.ctor()</Name>
              <FileRef uid="3" />
              <SequencePoints>
                <SequencePoint vc="1" uspid="9" ordinal="0" offset="0" sl="13" sc="9" el="13" ec="29" bec="0" bev="0" fileid="3" />
                <SequencePoint vc="1" uspid="10" ordinal="1" offset="7" sl="14" sc="9" el="14" ec="10" bec="0" bev="0" fileid="3" />
                <SequencePoint vc="1" uspid="11" ordinal="2" offset="8" sl="15" sc="13" el="15" ec="50" bec="0" bev="0" fileid="3" />
                <SequencePoint vc="1" uspid="12" ordinal="3" offset="19" sl="16" sc="9" el="16" ec="10" bec="0" bev="0" fileid="3" />
              </SequencePoints>
              <BranchPoints />
              <MethodPoint xsi:type="SequencePoint" vc="1" uspid="9" ordinal="0" offset="0" sl="13" sc="9" el="13" ec="29" bec="0" bev="0" fileid="3" />
            </Method>
            <Method visited="false" cyclomaticComplexity="3" sequenceCoverage="0" branchCoverage="0" isConstructor="false" isStatic="false" isGetter="false" isSetter="false">
              <Summary numSequencePoints="20" visitedSequencePoints="0" numBranchPoints="5" visitedBranchPoints="0" sequenceCoverage="0" branchCoverage="0" maxCyclomaticComplexity="3" minCyclomaticComplexity="3" />
              <MetadataToken>100663298</MetadataToken>
              <Name>System.Void DataBaseGenerator.DbGenerator::Generate(System.Collections.Generic.List`1&lt;DataBaseGenerator.ModelObject&gt;,System.String)</Name>
              <FileRef uid="3" />
              <SequencePoints>
                <SequencePoint vc="0" uspid="13" ordinal="0" offset="0" sl="19" sc="9" el="19" ec="10" bec="0" bev="0" fileid="3" />
                <SequencePoint vc="0" uspid="14" ordinal="1" offset="1" sl="21" sc="13" el="21" ec="14" bec="0" bev="0" fileid="3" />
                <SequencePoint vc="0" uspid="15" ordinal="2" offset="2" sl="22" sc="17" el="22" ec="52" bec="2" bev="0" fileid="3" />
                <SequencePoint vc="0" uspid="16" ordinal="3" offset="15" sl="23" sc="17" el="23" ec="18" bec="0" bev="0" fileid="3" />
                <SequencePoint vc="0" uspid="17" ordinal="4" offset="16" sl="24" sc="21" el="24" ec="52" bec="0" bev="0" fileid="3" />
                <SequencePoint vc="0" uspid="18" ordinal="5" offset="23" sl="25" sc="17" el="25" ec="18" bec="0" bev="0" fileid="3" />
                <SequencePoint vc="0" uspid="19" ordinal="6" offset="24" sl="26" sc="13" el="26" ec="14" bec="0" bev="0" fileid="3" />
                <SequencePoint vc="0" uspid="20" ordinal="7" offset="27" sl="27" sc="13" el="27" ec="33" bec="0" bev="0" fileid="3" />
                <SequencePoint vc="0" uspid="21" ordinal="8" offset="28" sl="28" sc="13" el="28" ec="14" bec="0" bev="0" fileid="3" />
                <SequencePoint vc="0" uspid="22" ordinal="9" offset="29" sl="29" sc="17" el="29" ec="45" bec="0" bev="0" fileid="3" />
                <SequencePoint vc="0" uspid="23" ordinal="10" offset="40" sl="30" sc="13" el="30" ec="14" bec="0" bev="0" fileid="3" />
                <SequencePoint vc="0" uspid="24" ordinal="11" offset="44" sl="32" sc="13" el="32" ec="20" bec="0" bev="0" fileid="3" />
                <SequencePoint vc="0" uspid="25" ordinal="12" offset="45" sl="32" sc="44" el="32" ec="51" bec="0" bev="0" fileid="3" />
                <SequencePoint vc="0" uspid="26" ordinal="13" offset="54" sl="32" sc="22" el="32" ec="40" bec="0" bev="0" fileid="3" />
                <SequencePoint vc="0" uspid="27" ordinal="14" offset="62" sl="33" sc="13" el="33" ec="14" bec="0" bev="0" fileid="3" />
                <SequencePoint vc="0" uspid="28" ordinal="15" offset="63" sl="34" sc="17" el="34" ec="83" bec="0" bev="0" fileid="3" />
                <SequencePoint vc="0" uspid="29" ordinal="16" offset="87" sl="35" sc="13" el="35" ec="14" bec="0" bev="0" fileid="3" />
                <SequencePoint vc="0" uspid="30" ordinal="17" offset="88" sl="32" sc="41" el="32" ec="43" bec="2" bev="0" fileid="3" />
                <SequencePoint vc="0" uspid="31" ordinal="18" offset="117" sl="37" sc="13" el="37" ec="71" bec="0" bev="0" fileid="3" />
                <SequencePoint vc="0" uspid="32" ordinal="19" offset="136" sl="38" sc="9" el="38" ec="10" bec="0" bev="0" fileid="3" />
              </SequencePoints>
              <BranchPoints>
                <BranchPoint vc="0" uspid="33" ordinal="0" offset="13" sl="22" path="0" offsetend="15" fileid="3" />
                <BranchPoint vc="0" uspid="34" ordinal="1" offset="13" sl="22" path="1" offsetend="24" fileid="3" />
                <BranchPoint vc="0" uspid="35" ordinal="2" offset="97" sl="32" path="0" offsetend="99" fileid="3" />
                <BranchPoint vc="0" uspid="36" ordinal="3" offset="97" sl="32" path="1" offsetend="54" fileid="3" />
              </BranchPoints>
              <MethodPoint xsi:type="SequencePoint" vc="0" uspid="13" ordinal="0" offset="0" sl="19" sc="9" el="19" ec="10" bec="0" bev="0" fileid="3" />
            </Method>
            <Method visited="false" cyclomaticComplexity="14" sequenceCoverage="0" branchCoverage="0" isConstructor="false" isStatic="false" isGetter="false" isSetter="false">
              <Summary numSequencePoints="54" visitedSequencePoints="0" numBranchPoints="27" visitedBranchPoints="0" sequenceCoverage="0" branchCoverage="0" maxCyclomaticComplexity="14" minCyclomaticComplexity="14" />
              <MetadataToken>100663299</MetadataToken>
              <Name>System.String DataBaseGenerator.DbGenerator::GenerateSingleObject(DataBaseGenerator.ModelObject,System.Int32)</Name>
              <FileRef uid="3" />
              <SequencePoints>
                <SequencePoint vc="0" uspid="37" ordinal="0" offset="0" sl="41" sc="9" el="41" ec="10" bec="0" bev="0" fileid="3" />
                <SequencePoint vc="0" uspid="38" ordinal="1" offset="1" sl="42" sc="13" el="42" ec="83" bec="0" bev="0" fileid="3" />
                <SequencePoint vc="0" uspid="39" ordinal="2" offset="9" sl="44" sc="13" el="44" ec="68" bec="0" bev="0" fileid="3" />
                <SequencePoint vc="0" uspid="40" ordinal="3" offset="15" sl="47" sc="13" el="47" ec="105" bec="0" bev="0" fileid="3" />
                <SequencePoint vc="0" uspid="41" ordinal="4" offset="21" sl="49" sc="13" el="49" ec="20" bec="0" bev="0" fileid="3" />
                <SequencePoint vc="0" uspid="42" ordinal="5" offset="22" sl="49" sc="34" el="49" ec="61" bec="0" bev="0" fileid="3" />
                <SequencePoint vc="0" uspid="43" ordinal="6" offset="37" sl="49" sc="22" el="49" ec="30" bec="0" bev="0" fileid="3" />
                <SequencePoint vc="0" uspid="44" ordinal="7" offset="45" sl="50" sc="13" el="50" ec="14" bec="0" bev="0" fileid="3" />
                <SequencePoint vc="0" uspid="45" ordinal="8" offset="46" sl="51" sc="17" el="51" ec="69" bec="2" bev="0" fileid="3" />
                <SequencePoint vc="0" uspid="46" ordinal="9" offset="76" sl="52" sc="17" el="52" ec="18" bec="0" bev="0" fileid="3" />
                <SequencePoint vc="0" uspid="47" ordinal="10" offset="77" sl="53" sc="21" el="53" ec="124" bec="0" bev="0" fileid="3" />
                <SequencePoint vc="0" uspid="48" ordinal="11" offset="107" sl="54" sc="17" el="54" ec="18" bec="0" bev="0" fileid="3" />
                <SequencePoint vc="0" uspid="49" ordinal="12" offset="108" sl="55" sc="13" el="55" ec="14" bec="0" bev="0" fileid="3" />
                <SequencePoint vc="0" uspid="50" ordinal="13" offset="109" sl="49" sc="31" el="49" ec="33" bec="2" bev="0" fileid="3" />
                <SequencePoint vc="0" uspid="51" ordinal="14" offset="140" sl="58" sc="18" el="58" ec="28" bec="0" bev="0" fileid="3" />
                <SequencePoint vc="0" uspid="52" ordinal="15" offset="148" sl="59" sc="13" el="59" ec="14" bec="0" bev="0" fileid="3" />
                <SequencePoint vc="0" uspid="53" ordinal="16" offset="149" sl="60" sc="17" el="60" ec="64" bec="0" bev="0" fileid="3" />
                <SequencePoint vc="0" uspid="54" ordinal="17" offset="156" sl="61" sc="17" el="61" ec="52" bec="0" bev="0" fileid="3" />
                <SequencePoint vc="0" uspid="55" ordinal="18" offset="165" sl="63" sc="17" el="63" ec="47" bec="0" bev="0" fileid="3" />
                <SequencePoint vc="0" uspid="56" ordinal="19" offset="178" sl="66" sc="17" el="66" ec="55" bec="0" bev="0" fileid="3" />
                <SequencePoint vc="0" uspid="57" ordinal="20" offset="185" sl="68" sc="17" el="68" ec="45" bec="0" bev="0" fileid="3" />
                <SequencePoint vc="0" uspid="58" ordinal="21" offset="188" sl="69" sc="17" el="69" ec="24" bec="0" bev="0" fileid="3" />
                <SequencePoint vc="0" uspid="59" ordinal="22" offset="189" sl="69" sc="38" el="69" ec="65" bec="0" bev="0" fileid="3" />
                <SequencePoint vc="0" uspid="60" ordinal="23" offset="220" sl="69" sc="26" el="69" ec="34" bec="0" bev="0" fileid="3" />
                <SequencePoint vc="0" uspid="61" ordinal="24" offset="234" sl="70" sc="17" el="70" ec="18" bec="0" bev="0" fileid="3" />
                <SequencePoint vc="0" uspid="62" ordinal="25" offset="235" sl="71" sc="21" el="71" ec="42" bec="2" bev="0" fileid="3" />
                <SequencePoint vc="0" uspid="63" ordinal="26" offset="243" sl="72" sc="21" el="72" ec="22" bec="0" bev="0" fileid="3" />
                <SequencePoint vc="0" uspid="64" ordinal="27" offset="244" sl="73" sc="25" el="73" ec="48" bec="0" bev="0" fileid="3" />
                <SequencePoint vc="0" uspid="65" ordinal="28" offset="257" sl="74" sc="21" el="74" ec="22" bec="0" bev="0" fileid="3" />
                <SequencePoint vc="0" uspid="66" ordinal="29" offset="258" sl="76" sc="21" el="76" ec="45" bec="0" bev="0" fileid="3" />
                <SequencePoint vc="0" uspid="67" ordinal="30" offset="261" sl="80" sc="21" el="80" ec="56" bec="11" bev="0" fileid="3" />
                <SequencePoint vc="0" uspid="68" ordinal="31" offset="374" sl="83" sc="29" el="95" ec="48" bec="0" bev="0" fileid="3" />
                <SequencePoint vc="0" uspid="69" ordinal="32" offset="545" sl="96" sc="29" el="96" ec="35" bec="0" bev="0" fileid="3" />
                <SequencePoint vc="0" uspid="70" ordinal="33" offset="550" sl="98" sc="29" el="110" ec="48" bec="0" bev="0" fileid="3" />
                <SequencePoint vc="0" uspid="71" ordinal="34" offset="711" sl="112" sc="29" el="112" ec="35" bec="0" bev="0" fileid="3" />
                <SequencePoint vc="0" uspid="72" ordinal="35" offset="716" sl="115" sc="29" el="127" ec="66" bec="0" bev="0" fileid="3" />
                <SequencePoint vc="0" uspid="73" ordinal="36" offset="870" sl="128" sc="29" el="128" ec="35" bec="0" bev="0" fileid="3" />
                <SequencePoint vc="0" uspid="74" ordinal="37" offset="875" sl="131" sc="29" el="131" ec="56" bec="0" bev="0" fileid="3" />
                <SequencePoint vc="0" uspid="75" ordinal="38" offset="882" sl="132" sc="29" el="144" ec="51" bec="0" bev="0" fileid="3" />
                <SequencePoint vc="0" uspid="76" ordinal="39" offset="1052" sl="146" sc="31" el="146" ec="37" bec="0" bev="0" fileid="3" />
                <SequencePoint vc="0" uspid="77" ordinal="40" offset="1057" sl="149" sc="31" el="161" ec="53" bec="2" bev="0" fileid="3" />
                <SequencePoint vc="0" uspid="78" ordinal="41" offset="1234" sl="163" sc="29" el="163" ec="35" bec="0" bev="0" fileid="3" />
                <SequencePoint vc="0" uspid="79" ordinal="42" offset="1236" sl="165" sc="29" el="165" ec="58" bec="0" bev="0" fileid="3" />
                <SequencePoint vc="0" uspid="80" ordinal="43" offset="1249" sl="166" sc="29" el="166" ec="35" bec="0" bev="0" fileid="3" />
                <SequencePoint vc="0" uspid="81" ordinal="44" offset="1251" sl="169" sc="22" el="169" ec="116" bec="2" bev="0" fileid="3" />
                <SequencePoint vc="0" uspid="82" ordinal="45" offset="1314" sl="170" sc="17" el="170" ec="18" bec="0" bev="0" fileid="3" />
                <SequencePoint vc="0" uspid="83" ordinal="46" offset="1315" sl="69" sc="35" el="69" ec="37" bec="2" bev="0" fileid="3" />
                <SequencePoint vc="0" uspid="84" ordinal="47" offset="1349" sl="172" sc="17" el="172" ec="43" bec="0" bev="0" fileid="3" />
                <SequencePoint vc="0" uspid="85" ordinal="48" offset="1362" sl="174" sc="17" el="174" ec="55" bec="0" bev="0" fileid="3" />
                <SequencePoint vc="0" uspid="86" ordinal="49" offset="1371" sl="175" sc="13" el="175" ec="14" bec="0" bev="0" fileid="3" />
                <SequencePoint vc="0" uspid="87" ordinal="50" offset="1372" sl="58" sc="40" el="58" ec="43" bec="0" bev="0" fileid="3" />
                <SequencePoint vc="0" uspid="88" ordinal="51" offset="1378" sl="58" sc="29" el="58" ec="38" bec="2" bev="0" fileid="3" />
                <SequencePoint vc="0" uspid="89" ordinal="52" offset="1392" sl="177" sc="13" el="177" ec="50" bec="0" bev="0" fileid="3" />
                <SequencePoint vc="0" uspid="90" ordinal="53" offset="1402" sl="179" sc="9" el="179" ec="10" bec="0" bev="0" fileid="3" />
              </SequencePoints>
              <BranchPoints>
                <BranchPoint vc="0" uspid="91" ordinal="0" offset="74" sl="51" path="0" offsetend="76" fileid="3" />
                <BranchPoint vc="0" uspid="92" ordinal="1" offset="74" sl="51" path="1" offsetend="108" fileid="3" />
                <BranchPoint vc="0" uspid="93" ordinal="2" offset="120" sl="49" path="0" offsetend="122" fileid="3" />
                <BranchPoint vc="0" uspid="94" ordinal="3" offset="120" sl="49" path="1" offsetend="37" fileid="3" />
                <BranchPoint vc="0" uspid="95" ordinal="4" offset="241" sl="71" path="0" offsetend="243" fileid="3" />
                <BranchPoint vc="0" uspid="96" ordinal="5" offset="241" sl="71" path="1" offsetend="258" fileid="3" />
                <BranchPoint vc="0" uspid="97" ordinal="6" offset="282" sl="80" path="0" offsetend="287" fileid="3" />
                <BranchPoint vc="0" uspid="98" ordinal="7" offset="282" sl="80" path="1" offsetend="1236" fileid="3" />
                <BranchPoint vc="0" uspid="99" ordinal="8" offset="299" sl="80" path="0" offsetend="301" fileid="3" />
                <BranchPoint vc="0" uspid="100" ordinal="9" offset="299" sl="80" path="1" offsetend="374" fileid="3" />
                <BranchPoint vc="0" uspid="101" ordinal="10" offset="313" sl="80" path="0" offsetend="318" fileid="3" />
                <BranchPoint vc="0" uspid="102" ordinal="11" offset="313" sl="80" path="1" offsetend="550" fileid="3" />
                <BranchPoint vc="0" uspid="103" ordinal="12" offset="330" sl="80" path="0" offsetend="335" fileid="3" />
                <BranchPoint vc="0" uspid="104" ordinal="13" offset="330" sl="80" path="1" offsetend="716" fileid="3" />
                <BranchPoint vc="0" uspid="105" ordinal="14" offset="347" sl="80" path="0" offsetend="352" fileid="3" />
                <BranchPoint vc="0" uspid="106" ordinal="15" offset="347" sl="80" path="1" offsetend="875" fileid="3" />
                <BranchPoint vc="0" uspid="107" ordinal="16" offset="364" sl="80" path="0" offsetchain="369" offsetend="1236" fileid="3" />
                <BranchPoint vc="0" uspid="108" ordinal="17" offset="364" sl="80" path="1" offsetend="1057" fileid="3" />
                <BranchPoint vc="0" uspid="109" ordinal="18" offset="1189" sl="149" path="0" offsetend="1191" fileid="3" />
                <BranchPoint vc="0" uspid="110" ordinal="19" offset="1189" sl="149" path="1" offsetend="1208" fileid="3" />
                <BranchPoint vc="0" uspid="111" ordinal="20" offset="1267" sl="169" path="0" offsetend="1269" fileid="3" />
                <BranchPoint vc="0" uspid="112" ordinal="21" offset="1267" sl="169" path="1" offsetend="1286" fileid="3" />
                <BranchPoint vc="0" uspid="113" ordinal="22" offset="1326" sl="69" path="0" offsetend="1331" fileid="3" />
                <BranchPoint vc="0" uspid="114" ordinal="23" offset="1326" sl="69" path="1" offsetend="207" fileid="3" />
                <BranchPoint vc="0" uspid="115" ordinal="24" offset="1387" sl="58" path="0" offsetend="1392" fileid="3" />
                <BranchPoint vc="0" uspid="116" ordinal="25" offset="1387" sl="58" path="1" offsetend="148" fileid="3" />
              </BranchPoints>
              <MethodPoint xsi:type="SequencePoint" vc="0" uspid="37" ordinal="0" offset="0" sl="41" sc="9" el="41" ec="10" bec="0" bev="0" fileid="3" />
            </Method>
            <Method visited="false" cyclomaticComplexity="1" sequenceCoverage="0" branchCoverage="0" isConstructor="false" isStatic="false" isGetter="false" isSetter="false">
              <Summary numSequencePoints="4" visitedSequencePoints="0" numBranchPoints="1" visitedBranchPoints="0" sequenceCoverage="0" branchCoverage="0" maxCyclomaticComplexity="1" minCyclomaticComplexity="1" />
              <MetadataToken>100663300</MetadataToken>
              <Name>System.String DataBaseGenerator.DbGenerator::GetRandomFromDico(System.String[])</Name>
              <FileRef uid="3" />
              <SequencePoints>
                <SequencePoint vc="0" uspid="117" ordinal="0" offset="0" sl="182" sc="9" el="182" ec="10" bec="0" bev="0" fileid="3" />
                <SequencePoint vc="0" uspid="118" ordinal="1" offset="1" sl="183" sc="13" el="183" ec="40" bec="0" bev="0" fileid="3" />
                <SequencePoint vc="0" uspid="119" ordinal="2" offset="7" sl="185" sc="13" el="185" ec="53" bec="0" bev="0" fileid="3" />
                <SequencePoint vc="0" uspid="120" ordinal="3" offset="21" sl="186" sc="9" el="186" ec="10" bec="0" bev="0" fileid="3" />
              </SequencePoints>
              <BranchPoints />
              <MethodPoint xsi:type="SequencePoint" vc="0" uspid="117" ordinal="0" offset="0" sl="182" sc="9" el="182" ec="10" bec="0" bev="0" fileid="3" />
            </Method>
            <Method visited="false" cyclomaticComplexity="3" sequenceCoverage="0" branchCoverage="0" isConstructor="false" isStatic="false" isGetter="false" isSetter="false">
              <Summary numSequencePoints="12" visitedSequencePoints="0" numBranchPoints="3" visitedBranchPoints="0" sequenceCoverage="0" branchCoverage="0" maxCyclomaticComplexity="3" minCyclomaticComplexity="3" />
              <MetadataToken>100663301</MetadataToken>
              <Name>System.String[] DataBaseGenerator.DbGenerator::GetStringArrayFromFile(System.String)</Name>
              <FileRef uid="3" />
              <SequencePoints>
                <SequencePoint vc="0" uspid="121" ordinal="0" offset="0" sl="191" sc="9" el="191" ec="10" bec="0" bev="0" fileid="3" />
                <SequencePoint vc="0" uspid="122" ordinal="1" offset="1" sl="192" sc="13" el="192" ec="39" bec="0" bev="0" fileid="3" />
                <SequencePoint vc="0" uspid="123" ordinal="2" offset="3" sl="194" sc="20" el="194" ec="73" bec="0" bev="0" fileid="3" />
                <SequencePoint vc="0" uspid="124" ordinal="3" offset="10" sl="195" sc="13" el="195" ec="14" bec="0" bev="0" fileid="3" />
                <SequencePoint vc="0" uspid="125" ordinal="4" offset="11" sl="196" sc="17" el="196" ec="54" bec="0" bev="0" fileid="3" />
                <SequencePoint vc="0" uspid="126" ordinal="5" offset="18" sl="197" sc="13" el="197" ec="14" bec="0" bev="0" fileid="3" />
                <SequencePoint vc="0" uspid="127" ordinal="6" offset="38" sl="199" sc="13" el="199" ec="52" bec="2" bev="0" fileid="3" />
                <SequencePoint vc="0" uspid="128" ordinal="7" offset="48" sl="200" sc="13" el="200" ec="14" bec="0" bev="0" fileid="3" />
                <SequencePoint vc="0" uspid="129" ordinal="8" offset="49" sl="201" sc="17" el="201" ec="47" bec="0" bev="0" fileid="3" />
                <SequencePoint vc="0" uspid="130" ordinal="9" offset="74" sl="204" sc="13" el="204" ec="14" bec="0" bev="0" fileid="3" />
                <SequencePoint vc="0" uspid="131" ordinal="10" offset="75" sl="205" sc="17" el="205" ec="29" bec="0" bev="0" fileid="3" />
                <SequencePoint vc="0" uspid="132" ordinal="11" offset="79" sl="208" sc="9" el="208" ec="10" bec="0" bev="0" fileid="3" />
              </SequencePoints>
              <BranchPoints>
                <BranchPoint vc="0" uspid="133" ordinal="0" offset="46" sl="199" path="0" offsetend="48" fileid="3" />
                <BranchPoint vc="0" uspid="134" ordinal="1" offset="46" sl="199" path="1" offsetend="74" fileid="3" />
              </BranchPoints>
              <MethodPoint xsi:type="SequencePoint" vc="0" uspid="121" ordinal="0" offset="0" sl="191" sc="9" el="191" ec="10" bec="0" bev="0" fileid="3" />
            </Method>
            <Method visited="false" cyclomaticComplexity="3" sequenceCoverage="0" branchCoverage="0" isConstructor="false" isStatic="false" isGetter="false" isSetter="false">
              <Summary numSequencePoints="20" visitedSequencePoints="0" numBranchPoints="5" visitedBranchPoints="0" sequenceCoverage="0" branchCoverage="0" maxCyclomaticComplexity="3" minCyclomaticComplexity="3" />
              <MetadataToken>100663302</MetadataToken>
              <Name>System.String DataBaseGenerator.DbGenerator::GenerateHeaderInsertSqript(DataBaseGenerator.ModelObject)</Name>
              <FileRef uid="3" />
              <SequencePoints>
                <SequencePoint vc="0" uspid="135" ordinal="0" offset="0" sl="211" sc="9" el="211" ec="10" bec="0" bev="0" fileid="3" />
                <SequencePoint vc="0" uspid="136" ordinal="1" offset="1" sl="212" sc="13" el="212" ec="60" bec="0" bev="0" fileid="3" />
                <SequencePoint vc="0" uspid="137" ordinal="2" offset="7" sl="213" sc="13" el="213" ec="76" bec="0" bev="0" fileid="3" />
                <SequencePoint vc="0" uspid="138" ordinal="3" offset="35" sl="214" sc="13" el="214" ec="36" bec="0" bev="0" fileid="3" />
                <SequencePoint vc="0" uspid="139" ordinal="4" offset="47" sl="216" sc="13" el="216" ec="41" bec="0" bev="0" fileid="3" />
                <SequencePoint vc="0" uspid="140" ordinal="5" offset="49" sl="217" sc="13" el="217" ec="20" bec="0" bev="0" fileid="3" />
                <SequencePoint vc="0" uspid="141" ordinal="6" offset="50" sl="217" sc="34" el="217" ec="61" bec="0" bev="0" fileid="3" />
                <SequencePoint vc="0" uspid="142" ordinal="7" offset="65" sl="217" sc="22" el="217" ec="30" bec="0" bev="0" fileid="3" />
                <SequencePoint vc="0" uspid="143" ordinal="8" offset="73" sl="218" sc="13" el="218" ec="14" bec="0" bev="0" fileid="3" />
                <SequencePoint vc="0" uspid="144" ordinal="9" offset="74" sl="219" sc="17" el="219" ec="38" bec="2" bev="0" fileid="3" />
                <SequencePoint vc="0" uspid="145" ordinal="10" offset="81" sl="220" sc="17" el="220" ec="18" bec="0" bev="0" fileid="3" />
                <SequencePoint vc="0" uspid="146" ordinal="11" offset="82" sl="221" sc="21" el="221" ec="44" bec="0" bev="0" fileid="3" />
                <SequencePoint vc="0" uspid="147" ordinal="12" offset="94" sl="222" sc="17" el="222" ec="18" bec="0" bev="0" fileid="3" />
                <SequencePoint vc="0" uspid="148" ordinal="13" offset="95" sl="224" sc="17" el="224" ec="57" bec="0" bev="0" fileid="3" />
                <SequencePoint vc="0" uspid="149" ordinal="14" offset="123" sl="225" sc="17" el="225" ec="41" bec="0" bev="0" fileid="3" />
                <SequencePoint vc="0" uspid="150" ordinal="15" offset="125" sl="226" sc="13" el="226" ec="14" bec="0" bev="0" fileid="3" />
                <SequencePoint vc="0" uspid="151" ordinal="16" offset="126" sl="217" sc="31" el="217" ec="33" bec="2" bev="0" fileid="3" />
                <SequencePoint vc="0" uspid="152" ordinal="17" offset="157" sl="228" sc="13" el="228" ec="36" bec="0" bev="0" fileid="3" />
                <SequencePoint vc="0" uspid="153" ordinal="18" offset="169" sl="230" sc="13" el="230" ec="42" bec="0" bev="0" fileid="3" />
                <SequencePoint vc="0" uspid="154" ordinal="19" offset="178" sl="231" sc="9" el="231" ec="10" bec="0" bev="0" fileid="3" />
              </SequencePoints>
              <BranchPoints>
                <BranchPoint vc="0" uspid="155" ordinal="0" offset="79" sl="219" path="0" offsetend="81" fileid="3" />
                <BranchPoint vc="0" uspid="156" ordinal="1" offset="79" sl="219" path="1" offsetend="95" fileid="3" />
                <BranchPoint vc="0" uspid="157" ordinal="2" offset="137" sl="217" path="0" offsetend="139" fileid="3" />
                <BranchPoint vc="0" uspid="158" ordinal="3" offset="137" sl="217" path="1" offsetend="65" fileid="3" />
              </BranchPoints>
              <MethodPoint xsi:type="SequencePoint" vc="0" uspid="135" ordinal="0" offset="0" sl="211" sc="9" el="211" ec="10" bec="0" bev="0" fileid="3" />
            </Method>
            <Method visited="false" cyclomaticComplexity="2" sequenceCoverage="0" branchCoverage="0" isConstructor="false" isStatic="false" isGetter="false" isSetter="false">
              <Summary numSequencePoints="13" visitedSequencePoints="0" numBranchPoints="1" visitedBranchPoints="0" sequenceCoverage="0" branchCoverage="0" maxCyclomaticComplexity="2" minCyclomaticComplexity="2" />
              <MetadataToken>100663303</MetadataToken>
              <Name>System.Void DataBaseGenerator.DbGenerator::WriteToFile(System.String,System.String)</Name>
              <FileRef uid="3" />
              <SequencePoints>
                <SequencePoint vc="0" uspid="159" ordinal="0" offset="0" sl="234" sc="9" el="234" ec="10" bec="0" bev="0" fileid="3" />
                <SequencePoint vc="0" uspid="160" ordinal="1" offset="1" sl="236" sc="13" el="236" ec="14" bec="0" bev="0" fileid="3" />
                <SequencePoint vc="0" uspid="161" ordinal="2" offset="2" sl="237" sc="24" el="237" ec="70" bec="0" bev="0" fileid="3" />
                <SequencePoint vc="0" uspid="162" ordinal="3" offset="9" sl="238" sc="17" el="238" ec="18" bec="0" bev="0" fileid="3" />
                <SequencePoint vc="0" uspid="163" ordinal="4" offset="10" sl="240" sc="21" el="240" ec="76" bec="0" bev="0" fileid="3" />
                <SequencePoint vc="0" uspid="164" ordinal="5" offset="23" sl="241" sc="21" el="241" ec="52" bec="0" bev="0" fileid="3" />
                <SequencePoint vc="0" uspid="165" ordinal="6" offset="35" sl="243" sc="17" el="243" ec="18" bec="0" bev="0" fileid="3" />
                <SequencePoint vc="0" uspid="166" ordinal="7" offset="55" sl="244" sc="13" el="244" ec="14" bec="0" bev="0" fileid="3" />
                <SequencePoint vc="0" uspid="167" ordinal="8" offset="58" sl="245" sc="13" el="245" ec="33" bec="0" bev="0" fileid="3" />
                <SequencePoint vc="0" uspid="168" ordinal="9" offset="59" sl="246" sc="13" el="246" ec="14" bec="0" bev="0" fileid="3" />
                <SequencePoint vc="0" uspid="169" ordinal="10" offset="60" sl="247" sc="17" el="247" ec="45" bec="0" bev="0" fileid="3" />
                <SequencePoint vc="0" uspid="170" ordinal="11" offset="71" sl="248" sc="13" el="248" ec="14" bec="0" bev="0" fileid="3" />
                <SequencePoint vc="0" uspid="171" ordinal="12" offset="75" sl="249" sc="9" el="249" ec="10" bec="0" bev="0" fileid="3" />
              </SequencePoints>
              <BranchPoints />
              <MethodPoint xsi:type="SequencePoint" vc="0" uspid="159" ordinal="0" offset="0" sl="234" sc="9" el="234" ec="10" bec="0" bev="0" fileid="3" />
            </Method>
          </Methods>
        </Class>
        <Class>
          <Summary numSequencePoints="2" visitedSequencePoints="0" numBranchPoints="2" visitedBranchPoints="0" sequenceCoverage="0" branchCoverage="0" maxCyclomaticComplexity="1" minCyclomaticComplexity="1" />
          <FullName>DataBaseGenerator.DbGenerator/&lt;&gt;c__DisplayClasse</FullName>
          <Methods>
            <Method visited="false" cyclomaticComplexity="1" sequenceCoverage="0" branchCoverage="0" isConstructor="true" isStatic="false" isGetter="false" isSetter="false">
              <Summary numSequencePoints="0" visitedSequencePoints="0" numBranchPoints="0" visitedBranchPoints="0" sequenceCoverage="0" branchCoverage="0" maxCyclomaticComplexity="1" minCyclomaticComplexity="1" />
              <MetadataToken>100663352</MetadataToken>
              <Name>System.Void DataBaseGenerator.DbGenerator/&lt;&gt;c__DisplayClasse::.ctor()</Name>
              <SequencePoints />
              <BranchPoints />
              <MethodPoint vc="0" uspid="172" ordinal="0" offset="0" />
            </Method>
            <Method visited="false" cyclomaticComplexity="1" sequenceCoverage="0" branchCoverage="0" isConstructor="false" isStatic="false" isGetter="false" isSetter="false">
              <Summary numSequencePoints="1" visitedSequencePoints="0" numBranchPoints="1" visitedBranchPoints="0" sequenceCoverage="0" branchCoverage="0" maxCyclomaticComplexity="1" minCyclomaticComplexity="1" />
              <MetadataToken>100663353</MetadataToken>
              <Name>System.Boolean DataBaseGenerator.DbGenerator/&lt;&gt;c__DisplayClasse::&lt;GenerateSingleObject&gt;b__a(DataBaseGenerator.Property)</Name>
              <FileRef uid="3" />
              <SequencePoints>
                <SequencePoint vc="0" uspid="173" ordinal="0" offset="0" sl="159" sc="97" el="159" ec="136" bec="0" bev="0" fileid="3" />
              </SequencePoints>
              <BranchPoints />
              <MethodPoint xsi:type="SequencePoint" vc="0" uspid="173" ordinal="0" offset="0" sl="159" sc="97" el="159" ec="136" bec="0" bev="0" fileid="3" />
            </Method>
            <Method visited="false" cyclomaticComplexity="1" sequenceCoverage="0" branchCoverage="0" isConstructor="false" isStatic="false" isGetter="false" isSetter="false">
              <Summary numSequencePoints="1" visitedSequencePoints="0" numBranchPoints="1" visitedBranchPoints="0" sequenceCoverage="0" branchCoverage="0" maxCyclomaticComplexity="1" minCyclomaticComplexity="1" />
              <MetadataToken>100663354</MetadataToken>
              <Name>System.Boolean DataBaseGenerator.DbGenerator/&lt;&gt;c__DisplayClasse::&lt;GenerateSingleObject&gt;b__b(DataBaseGenerator.Property)</Name>
              <FileRef uid="3" />
              <SequencePoints>
                <SequencePoint vc="0" uspid="174" ordinal="0" offset="0" sl="169" sc="73" el="169" ec="92" bec="0" bev="0" fileid="3" />
              </SequencePoints>
              <BranchPoints />
              <MethodPoint xsi:type="SequencePoint" vc="0" uspid="174" ordinal="0" offset="0" sl="169" sc="73" el="169" ec="92" bec="0" bev="0" fileid="3" />
            </Method>
          </Methods>
        </Class>
        <Class>
          <Summary numSequencePoints="0" visitedSequencePoints="0" numBranchPoints="0" visitedBranchPoints="0" sequenceCoverage="0" branchCoverage="0" maxCyclomaticComplexity="1" minCyclomaticComplexity="1" />
          <FullName>DataBaseGenerator.GenerationMode</FullName>
          <Methods>
            <Method visited="false" cyclomaticComplexity="1" sequenceCoverage="0" branchCoverage="0" isConstructor="false" isStatic="false" isGetter="true" isSetter="false">
              <Summary numSequencePoints="0" visitedSequencePoints="0" numBranchPoints="0" visitedBranchPoints="0" sequenceCoverage="0" branchCoverage="0" maxCyclomaticComplexity="1" minCyclomaticComplexity="1" />
              <MetadataToken>100663304</MetadataToken>
              <Name>System.String DataBaseGenerator.GenerationMode::get_Mode()</Name>
              <SequencePoints />
              <BranchPoints />
              <MethodPoint vc="0" uspid="175" ordinal="0" offset="0" />
            </Method>
            <Method visited="false" cyclomaticComplexity="1" sequenceCoverage="0" branchCoverage="0" isConstructor="false" isStatic="false" isGetter="false" isSetter="true">
              <Summary numSequencePoints="0" visitedSequencePoints="0" numBranchPoints="0" visitedBranchPoints="0" sequenceCoverage="0" branchCoverage="0" maxCyclomaticComplexity="1" minCyclomaticComplexity="1" />
              <MetadataToken>100663305</MetadataToken>
              <Name>System.Void DataBaseGenerator.GenerationMode::set_Mode(System.String)</Name>
              <SequencePoints />
              <BranchPoints />
              <MethodPoint vc="0" uspid="176" ordinal="0" offset="0" />
            </Method>
            <Method visited="false" cyclomaticComplexity="1" sequenceCoverage="0" branchCoverage="0" isConstructor="false" isStatic="false" isGetter="true" isSetter="false">
              <Summary numSequencePoints="0" visitedSequencePoints="0" numBranchPoints="0" visitedBranchPoints="0" sequenceCoverage="0" branchCoverage="0" maxCyclomaticComplexity="1" minCyclomaticComplexity="1" />
              <MetadataToken>100663306</MetadataToken>
              <Name>System.String DataBaseGenerator.GenerationMode::get_fixedValue()</Name>
              <SequencePoints />
              <BranchPoints />
              <MethodPoint vc="0" uspid="177" ordinal="0" offset="0" />
            </Method>
            <Method visited="false" cyclomaticComplexity="1" sequenceCoverage="0" branchCoverage="0" isConstructor="false" isStatic="false" isGetter="false" isSetter="true">
              <Summary numSequencePoints="0" visitedSequencePoints="0" numBranchPoints="0" visitedBranchPoints="0" sequenceCoverage="0" branchCoverage="0" maxCyclomaticComplexity="1" minCyclomaticComplexity="1" />
              <MetadataToken>100663307</MetadataToken>
              <Name>System.Void DataBaseGenerator.GenerationMode::set_fixedValue(System.String)</Name>
              <SequencePoints />
              <BranchPoints />
              <MethodPoint vc="0" uspid="178" ordinal="0" offset="0" />
            </Method>
            <Method visited="false" cyclomaticComplexity="1" sequenceCoverage="0" branchCoverage="0" isConstructor="false" isStatic="false" isGetter="true" isSetter="false">
              <Summary numSequencePoints="0" visitedSequencePoints="0" numBranchPoints="0" visitedBranchPoints="0" sequenceCoverage="0" branchCoverage="0" maxCyclomaticComplexity="1" minCyclomaticComplexity="1" />
              <MetadataToken>100663308</MetadataToken>
              <Name>System.String DataBaseGenerator.GenerationMode::get_DictionaryPath()</Name>
              <SequencePoints />
              <BranchPoints />
              <MethodPoint vc="0" uspid="179" ordinal="0" offset="0" />
            </Method>
            <Method visited="false" cyclomaticComplexity="1" sequenceCoverage="0" branchCoverage="0" isConstructor="false" isStatic="false" isGetter="false" isSetter="true">
              <Summary numSequencePoints="0" visitedSequencePoints="0" numBranchPoints="0" visitedBranchPoints="0" sequenceCoverage="0" branchCoverage="0" maxCyclomaticComplexity="1" minCyclomaticComplexity="1" />
              <MetadataToken>100663309</MetadataToken>
              <Name>System.Void DataBaseGenerator.GenerationMode::set_DictionaryPath(System.String)</Name>
              <SequencePoints />
              <BranchPoints />
              <MethodPoint vc="0" uspid="180" ordinal="0" offset="0" />
            </Method>
            <Method visited="false" cyclomaticComplexity="1" sequenceCoverage="0" branchCoverage="0" isConstructor="false" isStatic="false" isGetter="true" isSetter="false">
              <Summary numSequencePoints="0" visitedSequencePoints="0" numBranchPoints="0" visitedBranchPoints="0" sequenceCoverage="0" branchCoverage="0" maxCyclomaticComplexity="1" minCyclomaticComplexity="1" />
              <MetadataToken>100663310</MetadataToken>
              <Name>System.Int32 DataBaseGenerator.GenerationMode::get_randomValue()</Name>
              <SequencePoints />
              <BranchPoints />
              <MethodPoint vc="0" uspid="181" ordinal="0" offset="0" />
            </Method>
            <Method visited="false" cyclomaticComplexity="1" sequenceCoverage="0" branchCoverage="0" isConstructor="false" isStatic="false" isGetter="false" isSetter="true">
              <Summary numSequencePoints="0" visitedSequencePoints="0" numBranchPoints="0" visitedBranchPoints="0" sequenceCoverage="0" branchCoverage="0" maxCyclomaticComplexity="1" minCyclomaticComplexity="1" />
              <MetadataToken>100663311</MetadataToken>
              <Name>System.Void DataBaseGenerator.GenerationMode::set_randomValue(System.Int32)</Name>
              <SequencePoints />
              <BranchPoints />
              <MethodPoint vc="0" uspid="182" ordinal="0" offset="0" />
            </Method>
            <Method visited="false" cyclomaticComplexity="1" sequenceCoverage="0" branchCoverage="0" isConstructor="false" isStatic="false" isGetter="true" isSetter="false">
              <Summary numSequencePoints="0" visitedSequencePoints="0" numBranchPoints="0" visitedBranchPoints="0" sequenceCoverage="0" branchCoverage="0" maxCyclomaticComplexity="1" minCyclomaticComplexity="1" />
              <MetadataToken>100663312</MetadataToken>
              <Name>System.String DataBaseGenerator.GenerationMode::get_equalTo()</Name>
              <SequencePoints />
              <BranchPoints />
              <MethodPoint vc="0" uspid="183" ordinal="0" offset="0" />
            </Method>
            <Method visited="false" cyclomaticComplexity="1" sequenceCoverage="0" branchCoverage="0" isConstructor="false" isStatic="false" isGetter="false" isSetter="true">
              <Summary numSequencePoints="0" visitedSequencePoints="0" numBranchPoints="0" visitedBranchPoints="0" sequenceCoverage="0" branchCoverage="0" maxCyclomaticComplexity="1" minCyclomaticComplexity="1" />
              <MetadataToken>100663313</MetadataToken>
              <Name>System.Void DataBaseGenerator.GenerationMode::set_equalTo(System.String)</Name>
              <SequencePoints />
              <BranchPoints />
              <MethodPoint vc="0" uspid="184" ordinal="0" offset="0" />
            </Method>
            <Method visited="false" cyclomaticComplexity="1" sequenceCoverage="0" branchCoverage="0" isConstructor="false" isStatic="false" isGetter="true" isSetter="false">
              <Summary numSequencePoints="0" visitedSequencePoints="0" numBranchPoints="0" visitedBranchPoints="0" sequenceCoverage="0" branchCoverage="0" maxCyclomaticComplexity="1" minCyclomaticComplexity="1" />
              <MetadataToken>100663314</MetadataToken>
              <Name>System.String DataBaseGenerator.GenerationMode::get_startValue()</Name>
              <SequencePoints />
              <BranchPoints />
              <MethodPoint vc="0" uspid="185" ordinal="0" offset="0" />
            </Method>
            <Method visited="false" cyclomaticComplexity="1" sequenceCoverage="0" branchCoverage="0" isConstructor="false" isStatic="false" isGetter="false" isSetter="true">
              <Summary numSequencePoints="0" visitedSequencePoints="0" numBranchPoints="0" visitedBranchPoints="0" sequenceCoverage="0" branchCoverage="0" maxCyclomaticComplexity="1" minCyclomaticComplexity="1" />
              <MetadataToken>100663315</MetadataToken>
              <Name>System.Void DataBaseGenerator.GenerationMode::set_startValue(System.String)</Name>
              <SequencePoints />
              <BranchPoints />
              <MethodPoint vc="0" uspid="186" ordinal="0" offset="0" />
            </Method>
            <Method visited="false" cyclomaticComplexity="1" sequenceCoverage="0" branchCoverage="0" isConstructor="true" isStatic="false" isGetter="false" isSetter="false">
              <Summary numSequencePoints="0" visitedSequencePoints="0" numBranchPoints="0" visitedBranchPoints="0" sequenceCoverage="0" branchCoverage="0" maxCyclomaticComplexity="1" minCyclomaticComplexity="1" />
              <MetadataToken>100663316</MetadataToken>
              <Name>System.Void DataBaseGenerator.GenerationMode::.ctor()</Name>
              <SequencePoints />
              <BranchPoints />
              <MethodPoint vc="0" uspid="187" ordinal="0" offset="0" />
            </Method>
          </Methods>
        </Class>
        <Class>
          <Summary numSequencePoints="0" visitedSequencePoints="0" numBranchPoints="0" visitedBranchPoints="0" sequenceCoverage="0" branchCoverage="0" maxCyclomaticComplexity="1" minCyclomaticComplexity="1" />
          <FullName>DataBaseGenerator.Property</FullName>
          <Methods>
            <Method visited="false" cyclomaticComplexity="1" sequenceCoverage="0" branchCoverage="0" isConstructor="false" isStatic="false" isGetter="true" isSetter="false">
              <Summary numSequencePoints="0" visitedSequencePoints="0" numBranchPoints="0" visitedBranchPoints="0" sequenceCoverage="0" branchCoverage="0" maxCyclomaticComplexity="1" minCyclomaticComplexity="1" />
              <MetadataToken>100663317</MetadataToken>
              <Name>System.String DataBaseGenerator.Property::get_Name()</Name>
              <SequencePoints />
              <BranchPoints />
              <MethodPoint vc="0" uspid="188" ordinal="0" offset="0" />
            </Method>
            <Method visited="false" cyclomaticComplexity="1" sequenceCoverage="0" branchCoverage="0" isConstructor="false" isStatic="false" isGetter="false" isSetter="true">
              <Summary numSequencePoints="0" visitedSequencePoints="0" numBranchPoints="0" visitedBranchPoints="0" sequenceCoverage="0" branchCoverage="0" maxCyclomaticComplexity="1" minCyclomaticComplexity="1" />
              <MetadataToken>100663318</MetadataToken>
              <Name>System.Void DataBaseGenerator.Property::set_Name(System.String)</Name>
              <SequencePoints />
              <BranchPoints />
              <MethodPoint vc="0" uspid="189" ordinal="0" offset="0" />
            </Method>
            <Method visited="false" cyclomaticComplexity="1" sequenceCoverage="0" branchCoverage="0" isConstructor="false" isStatic="false" isGetter="true" isSetter="false">
              <Summary numSequencePoints="0" visitedSequencePoints="0" numBranchPoints="0" visitedBranchPoints="0" sequenceCoverage="0" branchCoverage="0" maxCyclomaticComplexity="1" minCyclomaticComplexity="1" />
              <MetadataToken>100663319</MetadataToken>
              <Name>System.String DataBaseGenerator.Property::get_Type()</Name>
              <SequencePoints />
              <BranchPoints />
              <MethodPoint vc="0" uspid="190" ordinal="0" offset="0" />
            </Method>
            <Method visited="false" cyclomaticComplexity="1" sequenceCoverage="0" branchCoverage="0" isConstructor="false" isStatic="false" isGetter="false" isSetter="true">
              <Summary numSequencePoints="0" visitedSequencePoints="0" numBranchPoints="0" visitedBranchPoints="0" sequenceCoverage="0" branchCoverage="0" maxCyclomaticComplexity="1" minCyclomaticComplexity="1" />
              <MetadataToken>100663320</MetadataToken>
              <Name>System.Void DataBaseGenerator.Property::set_Type(System.String)</Name>
              <SequencePoints />
              <BranchPoints />
              <MethodPoint vc="0" uspid="191" ordinal="0" offset="0" />
            </Method>
            <Method visited="false" cyclomaticComplexity="1" sequenceCoverage="0" branchCoverage="0" isConstructor="false" isStatic="false" isGetter="true" isSetter="false">
              <Summary numSequencePoints="0" visitedSequencePoints="0" numBranchPoints="0" visitedBranchPoints="0" sequenceCoverage="0" branchCoverage="0" maxCyclomaticComplexity="1" minCyclomaticComplexity="1" />
              <MetadataToken>100663321</MetadataToken>
              <Name>DataBaseGenerator.GenerationMode DataBaseGenerator.Property::get_GenerationOption()</Name>
              <SequencePoints />
              <BranchPoints />
              <MethodPoint vc="0" uspid="192" ordinal="0" offset="0" />
            </Method>
            <Method visited="false" cyclomaticComplexity="1" sequenceCoverage="0" branchCoverage="0" isConstructor="false" isStatic="false" isGetter="false" isSetter="true">
              <Summary numSequencePoints="0" visitedSequencePoints="0" numBranchPoints="0" visitedBranchPoints="0" sequenceCoverage="0" branchCoverage="0" maxCyclomaticComplexity="1" minCyclomaticComplexity="1" />
              <MetadataToken>100663322</MetadataToken>
              <Name>System.Void DataBaseGenerator.Property::set_GenerationOption(DataBaseGenerator.GenerationMode)</Name>
              <SequencePoints />
              <BranchPoints />
              <MethodPoint vc="0" uspid="193" ordinal="0" offset="0" />
            </Method>
            <Method visited="false" cyclomaticComplexity="1" sequenceCoverage="0" branchCoverage="0" isConstructor="false" isStatic="false" isGetter="true" isSetter="false">
              <Summary numSequencePoints="0" visitedSequencePoints="0" numBranchPoints="0" visitedBranchPoints="0" sequenceCoverage="0" branchCoverage="0" maxCyclomaticComplexity="1" minCyclomaticComplexity="1" />
              <MetadataToken>100663323</MetadataToken>
              <Name>System.String DataBaseGenerator.Property::get_GeneratedValue()</Name>
              <SequencePoints />
              <BranchPoints />
              <MethodPoint vc="0" uspid="194" ordinal="0" offset="0" />
            </Method>
            <Method visited="false" cyclomaticComplexity="1" sequenceCoverage="0" branchCoverage="0" isConstructor="false" isStatic="false" isGetter="false" isSetter="true">
              <Summary numSequencePoints="0" visitedSequencePoints="0" numBranchPoints="0" visitedBranchPoints="0" sequenceCoverage="0" branchCoverage="0" maxCyclomaticComplexity="1" minCyclomaticComplexity="1" />
              <MetadataToken>100663324</MetadataToken>
              <Name>System.Void DataBaseGenerator.Property::set_GeneratedValue(System.String)</Name>
              <SequencePoints />
              <BranchPoints />
              <MethodPoint vc="0" uspid="195" ordinal="0" offset="0" />
            </Method>
            <Method visited="false" cyclomaticComplexity="1" sequenceCoverage="0" branchCoverage="0" isConstructor="true" isStatic="false" isGetter="false" isSetter="false">
              <Summary numSequencePoints="0" visitedSequencePoints="0" numBranchPoints="0" visitedBranchPoints="0" sequenceCoverage="0" branchCoverage="0" maxCyclomaticComplexity="1" minCyclomaticComplexity="1" />
              <MetadataToken>100663325</MetadataToken>
              <Name>System.Void DataBaseGenerator.Property::.ctor()</Name>
              <SequencePoints />
              <BranchPoints />
              <MethodPoint vc="0" uspid="196" ordinal="0" offset="0" />
            </Method>
          </Methods>
        </Class>
        <Class>
          <Summary numSequencePoints="62" visitedSequencePoints="0" numBranchPoints="23" visitedBranchPoints="0" sequenceCoverage="0" branchCoverage="0" maxCyclomaticComplexity="15" minCyclomaticComplexity="1" />
          <FullName>DataBaseGenerator.XmlParser</FullName>
          <Methods>
            <Method visited="false" cyclomaticComplexity="15" sequenceCoverage="0" branchCoverage="0" isConstructor="false" isStatic="false" isGetter="false" isSetter="false">
              <Summary numSequencePoints="62" visitedSequencePoints="0" numBranchPoints="23" visitedBranchPoints="0" sequenceCoverage="0" branchCoverage="0" maxCyclomaticComplexity="15" minCyclomaticComplexity="15" />
              <MetadataToken>100663326</MetadataToken>
              <Name>System.Collections.Generic.List`1&lt;DataBaseGenerator.ModelObject&gt; DataBaseGenerator.XmlParser::parseModel(System.String)</Name>
              <FileRef uid="5" />
              <SequencePoints>
                <SequencePoint vc="0" uspid="197" ordinal="0" offset="0" sl="13" sc="9" el="13" ec="10" bec="0" bev="0" fileid="5" />
                <SequencePoint vc="0" uspid="198" ordinal="1" offset="1" sl="14" sc="13" el="14" ec="49" bec="0" bev="0" fileid="5" />
                <SequencePoint vc="0" uspid="199" ordinal="2" offset="7" sl="15" sc="13" el="15" ec="32" bec="0" bev="0" fileid="5" />
                <SequencePoint vc="0" uspid="200" ordinal="3" offset="15" sl="17" sc="13" el="17" ec="74" bec="0" bev="0" fileid="5" />
                <SequencePoint vc="0" uspid="201" ordinal="4" offset="32" sl="19" sc="13" el="19" ec="65" bec="0" bev="0" fileid="5" />
                <SequencePoint vc="0" uspid="202" ordinal="5" offset="38" sl="21" sc="13" el="21" ec="20" bec="0" bev="0" fileid="5" />
                <SequencePoint vc="0" uspid="203" ordinal="6" offset="39" sl="21" sc="38" el="21" ec="43" bec="0" bev="0" fileid="5" />
                <SequencePoint vc="0" uspid="204" ordinal="7" offset="52" sl="21" sc="22" el="21" ec="34" bec="0" bev="0" fileid="5" />
                <SequencePoint vc="0" uspid="205" ordinal="8" offset="65" sl="22" sc="13" el="22" ec="14" bec="0" bev="0" fileid="5" />
                <SequencePoint vc="0" uspid="206" ordinal="9" offset="66" sl="23" sc="17" el="23" ec="61" bec="0" bev="0" fileid="5" />
                <SequencePoint vc="0" uspid="207" ordinal="10" offset="73" sl="25" sc="17" el="25" ec="83" bec="0" bev="0" fileid="5" />
                <SequencePoint vc="0" uspid="208" ordinal="11" offset="102" sl="26" sc="17" el="26" ec="75" bec="0" bev="0" fileid="5" />
                <SequencePoint vc="0" uspid="209" ordinal="12" offset="115" sl="28" sc="17" el="28" ec="24" bec="0" bev="0" fileid="5" />
                <SequencePoint vc="0" uspid="210" ordinal="13" offset="116" sl="28" sc="48" el="28" ec="60" bec="0" bev="0" fileid="5" />
                <SequencePoint vc="0" uspid="211" ordinal="14" offset="127" sl="28" sc="26" el="28" ec="44" bec="0" bev="0" fileid="5" />
                <SequencePoint vc="0" uspid="212" ordinal="15" offset="141" sl="29" sc="17" el="29" ec="18" bec="0" bev="0" fileid="5" />
                <SequencePoint vc="0" uspid="213" ordinal="16" offset="142" sl="30" sc="21" el="30" ec="76" bec="2" bev="0" fileid="5" />
                <SequencePoint vc="0" uspid="214" ordinal="17" offset="165" sl="31" sc="21" el="31" ec="22" bec="0" bev="0" fileid="5" />
                <SequencePoint vc="0" uspid="215" ordinal="18" offset="166" sl="32" sc="25" el="32" ec="82" bec="0" bev="0" fileid="5" />
                <SequencePoint vc="0" uspid="216" ordinal="19" offset="191" sl="33" sc="21" el="33" ec="22" bec="0" bev="0" fileid="5" />
                <SequencePoint vc="0" uspid="217" ordinal="20" offset="192" sl="35" sc="17" el="35" ec="18" bec="0" bev="0" fileid="5" />
                <SequencePoint vc="0" uspid="218" ordinal="21" offset="193" sl="28" sc="45" el="28" ec="47" bec="2" bev="0" fileid="5" />
                <SequencePoint vc="0" uspid="219" ordinal="22" offset="238" sl="38" sc="17" el="38" ec="97" bec="0" bev="0" fileid="5" />
                <SequencePoint vc="0" uspid="220" ordinal="23" offset="261" sl="39" sc="17" el="39" ec="24" bec="0" bev="0" fileid="5" />
                <SequencePoint vc="0" uspid="221" ordinal="24" offset="262" sl="39" sc="46" el="39" ec="51" bec="0" bev="0" fileid="5" />
                <SequencePoint vc="0" uspid="222" ordinal="25" offset="276" sl="39" sc="26" el="39" ec="42" bec="0" bev="0" fileid="5" />
                <SequencePoint vc="0" uspid="223" ordinal="26" offset="290" sl="40" sc="17" el="40" ec="18" bec="0" bev="0" fileid="5" />
                <SequencePoint vc="0" uspid="224" ordinal="27" offset="291" sl="41" sc="21" el="41" ec="52" bec="0" bev="0" fileid="5" />
                <SequencePoint vc="0" uspid="225" ordinal="28" offset="298" sl="43" sc="21" el="43" ec="73" bec="0" bev="0" fileid="5" />
                <SequencePoint vc="0" uspid="226" ordinal="29" offset="329" sl="44" sc="21" el="44" ec="73" bec="0" bev="0" fileid="5" />
                <SequencePoint vc="0" uspid="227" ordinal="30" offset="360" sl="46" sc="21" el="46" ec="69" bec="0" bev="0" fileid="5" />
                <SequencePoint vc="0" uspid="228" ordinal="31" offset="367" sl="47" sc="21" el="47" ec="78" bec="0" bev="0" fileid="5" />
                <SequencePoint vc="0" uspid="229" ordinal="32" offset="398" sl="49" sc="21" el="49" ec="44" bec="11" bev="0" fileid="5" />
                <SequencePoint vc="0" uspid="230" ordinal="33" offset="495" sl="51" sc="43" el="51" ec="106" bec="0" bev="0" fileid="5" />
                <SequencePoint vc="0" uspid="231" ordinal="34" offset="526" sl="52" sc="29" el="52" ec="35" bec="0" bev="0" fileid="5" />
                <SequencePoint vc="0" uspid="232" ordinal="35" offset="531" sl="54" sc="44" el="54" ec="111" bec="0" bev="0" fileid="5" />
                <SequencePoint vc="0" uspid="233" ordinal="36" offset="562" sl="55" sc="29" el="55" ec="35" bec="0" bev="0" fileid="5" />
                <SequencePoint vc="0" uspid="234" ordinal="37" offset="567" sl="57" sc="37" el="57" ec="100" bec="0" bev="0" fileid="5" />
                <SequencePoint vc="0" uspid="235" ordinal="38" offset="598" sl="58" sc="29" el="58" ec="35" bec="0" bev="0" fileid="5" />
                <SequencePoint vc="0" uspid="236" ordinal="39" offset="603" sl="61" sc="29" el="61" ec="47" bec="0" bev="0" fileid="5" />
                <SequencePoint vc="0" uspid="237" ordinal="40" offset="606" sl="62" sc="29" el="62" ec="104" bec="2" bev="0" fileid="5" />
                <SequencePoint vc="0" uspid="238" ordinal="41" offset="645" sl="63" sc="29" el="63" ec="30" bec="0" bev="0" fileid="5" />
                <SequencePoint vc="0" uspid="239" ordinal="42" offset="646" sl="64" sc="33" el="64" ec="67" bec="0" bev="0" fileid="5" />
                <SequencePoint vc="0" uspid="240" ordinal="43" offset="656" sl="65" sc="29" el="65" ec="30" bec="0" bev="0" fileid="5" />
                <SequencePoint vc="0" uspid="241" ordinal="44" offset="659" sl="66" sc="34" el="66" ec="35" bec="0" bev="0" fileid="5" />
                <SequencePoint vc="0" uspid="242" ordinal="45" offset="660" sl="67" sc="33" el="67" ec="59" bec="0" bev="0" fileid="5" />
                <SequencePoint vc="0" uspid="243" ordinal="46" offset="669" sl="68" sc="29" el="68" ec="30" bec="0" bev="0" fileid="5" />
                <SequencePoint vc="0" uspid="244" ordinal="47" offset="670" sl="70" sc="29" el="70" ec="35" bec="0" bev="0" fileid="5" />
                <SequencePoint vc="0" uspid="245" ordinal="48" offset="672" sl="72" sc="29" el="72" ec="89" bec="0" bev="0" fileid="5" />
                <SequencePoint vc="0" uspid="246" ordinal="49" offset="703" sl="73" sc="29" el="73" ec="35" bec="0" bev="0" fileid="5" />
                <SequencePoint vc="0" uspid="247" ordinal="50" offset="705" sl="75" sc="34" el="75" ec="57" bec="0" bev="0" fileid="5" />
                <SequencePoint vc="0" uspid="248" ordinal="51" offset="718" sl="76" sc="34" el="76" ec="60" bec="0" bev="0" fileid="5" />
                <SequencePoint vc="0" uspid="249" ordinal="52" offset="731" sl="77" sc="30" el="77" ec="36" bec="0" bev="0" fileid="5" />
                <SequencePoint vc="0" uspid="250" ordinal="53" offset="733" sl="80" sc="21" el="80" ec="55" bec="0" bev="0" fileid="5" />
                <SequencePoint vc="0" uspid="251" ordinal="54" offset="743" sl="81" sc="21" el="81" ec="54" bec="0" bev="0" fileid="5" />
                <SequencePoint vc="0" uspid="252" ordinal="55" offset="758" sl="82" sc="17" el="82" ec="18" bec="0" bev="0" fileid="5" />
                <SequencePoint vc="0" uspid="253" ordinal="56" offset="759" sl="39" sc="43" el="39" ec="45" bec="2" bev="0" fileid="5" />
                <SequencePoint vc="0" uspid="254" ordinal="57" offset="807" sl="84" sc="17" el="84" ec="42" bec="0" bev="0" fileid="5" />
                <SequencePoint vc="0" uspid="255" ordinal="58" offset="816" sl="85" sc="13" el="85" ec="14" bec="0" bev="0" fileid="5" />
                <SequencePoint vc="0" uspid="256" ordinal="59" offset="817" sl="21" sc="35" el="21" ec="37" bec="2" bev="0" fileid="5" />
                <SequencePoint vc="0" uspid="257" ordinal="60" offset="865" sl="87" sc="13" el="87" ec="28" bec="0" bev="0" fileid="5" />
                <SequencePoint vc="0" uspid="258" ordinal="61" offset="870" sl="89" sc="9" el="89" ec="10" bec="0" bev="0" fileid="5" />
              </SequencePoints>
              <BranchPoints>
                <BranchPoint vc="0" uspid="259" ordinal="0" offset="163" sl="30" path="0" offsetend="165" fileid="5" />
                <BranchPoint vc="0" uspid="260" ordinal="1" offset="163" sl="30" path="1" offsetend="192" fileid="5" />
                <BranchPoint vc="0" uspid="261" ordinal="2" offset="204" sl="28" path="0" offsetend="206" fileid="5" />
                <BranchPoint vc="0" uspid="262" ordinal="3" offset="204" sl="28" path="1" offsetend="127" fileid="5" />
                <BranchPoint vc="0" uspid="263" ordinal="4" offset="409" sl="49" path="0" offsetend="414" fileid="5" />
                <BranchPoint vc="0" uspid="264" ordinal="5" offset="409" sl="49" path="1" offsetend="705" fileid="5" />
                <BranchPoint vc="0" uspid="265" ordinal="6" offset="426" sl="49" path="0" offsetend="428" fileid="5" />
                <BranchPoint vc="0" uspid="266" ordinal="7" offset="426" sl="49" path="1" offsetend="495" fileid="5" />
                <BranchPoint vc="0" uspid="267" ordinal="8" offset="440" sl="49" path="0" offsetend="442" fileid="5" />
                <BranchPoint vc="0" uspid="268" ordinal="9" offset="440" sl="49" path="1" offsetend="531" fileid="5" />
                <BranchPoint vc="0" uspid="269" ordinal="10" offset="454" sl="49" path="0" offsetend="456" fileid="5" />
                <BranchPoint vc="0" uspid="270" ordinal="11" offset="454" sl="49" path="1" offsetend="567" fileid="5" />
                <BranchPoint vc="0" uspid="271" ordinal="12" offset="468" sl="49" path="0" offsetend="473" fileid="5" />
                <BranchPoint vc="0" uspid="272" ordinal="13" offset="468" sl="49" path="1" offsetend="603" fileid="5" />
                <BranchPoint vc="0" uspid="273" ordinal="14" offset="485" sl="49" path="0" offsetchain="490" offsetend="705" fileid="5" />
                <BranchPoint vc="0" uspid="274" ordinal="15" offset="485" sl="49" path="1" offsetend="672" fileid="5" />
                <BranchPoint vc="0" uspid="275" ordinal="16" offset="643" sl="62" path="0" offsetend="645" fileid="5" />
                <BranchPoint vc="0" uspid="276" ordinal="17" offset="643" sl="62" path="1" offsetend="659" fileid="5" />
                <BranchPoint vc="0" uspid="277" ordinal="18" offset="770" sl="39" path="0" offsetend="775" fileid="5" />
                <BranchPoint vc="0" uspid="278" ordinal="19" offset="770" sl="39" path="1" offsetend="276" fileid="5" />
                <BranchPoint vc="0" uspid="279" ordinal="20" offset="828" sl="21" path="0" offsetend="833" fileid="5" />
                <BranchPoint vc="0" uspid="280" ordinal="21" offset="828" sl="21" path="1" offsetend="52" fileid="5" />
              </BranchPoints>
              <MethodPoint xsi:type="SequencePoint" vc="0" uspid="197" ordinal="0" offset="0" sl="13" sc="9" el="13" ec="10" bec="0" bev="0" fileid="5" />
            </Method>
            <Method visited="false" cyclomaticComplexity="1" sequenceCoverage="0" branchCoverage="0" isConstructor="true" isStatic="false" isGetter="false" isSetter="false">
              <Summary numSequencePoints="0" visitedSequencePoints="0" numBranchPoints="0" visitedBranchPoints="0" sequenceCoverage="0" branchCoverage="0" maxCyclomaticComplexity="1" minCyclomaticComplexity="1" />
              <MetadataToken>100663327</MetadataToken>
              <Name>System.Void DataBaseGenerator.XmlParser::.ctor()</Name>
              <SequencePoints />
              <BranchPoints />
              <MethodPoint vc="0" uspid="281" ordinal="0" offset="0" />
            </Method>
          </Methods>
        </Class>
        <Class>
          <Summary numSequencePoints="2" visitedSequencePoints="0" numBranchPoints="1" visitedBranchPoints="0" sequenceCoverage="0" branchCoverage="0" maxCyclomaticComplexity="1" minCyclomaticComplexity="1" />
          <FullName>DataBaseGenerator.App</FullName>
          <Methods>
            <Method visited="false" cyclomaticComplexity="1" sequenceCoverage="0" branchCoverage="0" isConstructor="false" isStatic="false" isGetter="false" isSetter="false">
              <Summary numSequencePoints="2" visitedSequencePoints="0" numBranchPoints="1" visitedBranchPoints="0" sequenceCoverage="0" branchCoverage="0" maxCyclomaticComplexity="1" minCyclomaticComplexity="1" />
              <MetadataToken>100663328</MetadataToken>
              <Name>System.Void DataBaseGenerator.App::InitializeComponent()</Name>
              <FileRef uid="6" />
              <SequencePoints>
                <SequencePoint vc="0" uspid="282" ordinal="0" offset="0" sl="47" sc="43" el="47" ec="44" bec="0" bev="0" fileid="6" />
                <SequencePoint vc="0" uspid="283" ordinal="1" offset="1" sl="4" sc="13" el="4" ec="90" bec="0" bev="0" fileid="7" />
              </SequencePoints>
              <BranchPoints />
              <MethodPoint xsi:type="SequencePoint" vc="0" uspid="282" ordinal="0" offset="0" sl="47" sc="43" el="47" ec="44" bec="0" bev="0" fileid="6" />
            </Method>
            <Method visited="false" cyclomaticComplexity="1" sequenceCoverage="0" branchCoverage="0" isConstructor="false" isStatic="true" isGetter="false" isSetter="false">
              <Summary numSequencePoints="0" visitedSequencePoints="0" numBranchPoints="0" visitedBranchPoints="0" sequenceCoverage="0" branchCoverage="0" maxCyclomaticComplexity="1" minCyclomaticComplexity="1" />
              <MetadataToken>100663329</MetadataToken>
              <Name>System.Void DataBaseGenerator.App::Main()</Name>
              <SequencePoints />
              <BranchPoints />
              <MethodPoint vc="0" uspid="284" ordinal="0" offset="0" />
            </Method>
            <Method visited="false" cyclomaticComplexity="1" sequenceCoverage="0" branchCoverage="0" isConstructor="true" isStatic="false" isGetter="false" isSetter="false">
              <Summary numSequencePoints="0" visitedSequencePoints="0" numBranchPoints="0" visitedBranchPoints="0" sequenceCoverage="0" branchCoverage="0" maxCyclomaticComplexity="1" minCyclomaticComplexity="1" />
              <MetadataToken>100663330</MetadataToken>
              <Name>System.Void DataBaseGenerator.App::.ctor()</Name>
              <SequencePoints />
              <BranchPoints />
              <MethodPoint vc="0" uspid="285" ordinal="0" offset="0" />
            </Method>
          </Methods>
        </Class>
        <Class>
          <Summary numSequencePoints="55" visitedSequencePoints="0" numBranchPoints="20" visitedBranchPoints="0" sequenceCoverage="0" branchCoverage="0" maxCyclomaticComplexity="6" minCyclomaticComplexity="1" />
          <FullName>DataBaseGenerator.MainWindow</FullName>
          <Methods>
            <Method visited="false" cyclomaticComplexity="1" sequenceCoverage="0" branchCoverage="0" isConstructor="true" isStatic="false" isGetter="false" isSetter="false">
              <Summary numSequencePoints="4" visitedSequencePoints="0" numBranchPoints="1" visitedBranchPoints="0" sequenceCoverage="0" branchCoverage="0" maxCyclomaticComplexity="1" minCyclomaticComplexity="1" />
              <MetadataToken>100663331</MetadataToken>
              <Name>System.Void DataBaseGenerator.MainWindow::.ctor()</Name>
              <FileRef uid="8" />
              <SequencePoints>
                <SequencePoint vc="0" uspid="286" ordinal="0" offset="0" sl="27" sc="9" el="27" ec="28" bec="0" bev="0" fileid="8" />
                <SequencePoint vc="0" uspid="287" ordinal="1" offset="7" sl="28" sc="9" el="28" ec="10" bec="0" bev="0" fileid="8" />
                <SequencePoint vc="0" uspid="288" ordinal="2" offset="8" sl="29" sc="13" el="29" ec="35" bec="0" bev="0" fileid="8" />
                <SequencePoint vc="0" uspid="289" ordinal="3" offset="15" sl="30" sc="9" el="30" ec="10" bec="0" bev="0" fileid="8" />
              </SequencePoints>
              <BranchPoints />
              <MethodPoint xsi:type="SequencePoint" vc="0" uspid="286" ordinal="0" offset="0" sl="27" sc="9" el="27" ec="28" bec="0" bev="0" fileid="8" />
            </Method>
[...]
              <SequencePoints />
              <BranchPoints />
              <MethodPoint vc="0" uspid="356" ordinal="0" offset="0" />
            </Method>
            <Method visited="false" cyclomaticComplexity="1" sequenceCoverage="0" branchCoverage="0" isConstructor="false" isStatic="false" isGetter="false" isSetter="true">
              <Summary numSequencePoints="0" visitedSequencePoints="0" numBranchPoints="0" visitedBranchPoints="0" sequenceCoverage="0" branchCoverage="0" maxCyclomaticComplexity="1" minCyclomaticComplexity="1" />
              <MetadataToken>100663339</MetadataToken>
              <Name>System.Void DataBaseGenerator.ModelObject::set_Name(System.String)</Name>
              <SequencePoints />
              <BranchPoints />
              <MethodPoint vc="0" uspid="357" ordinal="0" offset="0" />
            </Method>
            <Method visited="false" cyclomaticComplexity="1" sequenceCoverage="0" branchCoverage="0" isConstructor="false" isStatic="false" isGetter="true" isSetter="false">
              <Summary numSequencePoints="0" visitedSequencePoints="0" numBranchPoints="0" visitedBranchPoints="0" sequenceCoverage="0" branchCoverage="0" maxCyclomaticComplexity="1" minCyclomaticComplexity="1" />
              <MetadataToken>100663340</MetadataToken>
              <Name>System.Collections.Generic.List`1&lt;System.String&gt; DataBaseGenerator.ModelObject::get_Dependecies()</Name>
              <SequencePoints />
              <BranchPoints />
              <MethodPoint vc="0" uspid="358" ordinal="0" offset="0" />
            </Method>
            <Method visited="false" cyclomaticComplexity="1" sequenceCoverage="0" branchCoverage="0" isConstructor="false" isStatic="false" isGetter="false" isSetter="true">
              <Summary numSequencePoints="0" visitedSequencePoints="0" numBranchPoints="0" visitedBranchPoints="0" sequenceCoverage="0" branchCoverage="0" maxCyclomaticComplexity="1" minCyclomaticComplexity="1" />
              <MetadataToken>100663341</MetadataToken>
              <Name>System.Void DataBaseGenerator.ModelObject::set_Dependecies(System.Collections.Generic.List`1&lt;System.String&gt;)</Name>
              <SequencePoints />
              <BranchPoints />
              <MethodPoint vc="0" uspid="359" ordinal="0" offset="0" />
            </Method>
            <Method visited="false" cyclomaticComplexity="1" sequenceCoverage="0" branchCoverage="0" isConstructor="false" isStatic="false" isGetter="true" isSetter="false">
              <Summary numSequencePoints="0" visitedSequencePoints="0" numBranchPoints="0" visitedBranchPoints="0" sequenceCoverage="0" branchCoverage="0" maxCyclomaticComplexity="1" minCyclomaticComplexity="1" />
              <MetadataToken>100663342</MetadataToken>
              <Name>System.Collections.Generic.List`1&lt;DataBaseGenerator.Property&gt; DataBaseGenerator.ModelObject::get_Properties()</Name>
              <SequencePoints />
              <BranchPoints />
              <MethodPoint vc="0" uspid="360" ordinal="0" offset="0" />
            </Method>
            <Method visited="false" cyclomaticComplexity="1" sequenceCoverage="0" branchCoverage="0" isConstructor="false" isStatic="false" isGetter="false" isSetter="true">
              <Summary numSequencePoints="0" visitedSequencePoints="0" numBranchPoints="0" visitedBranchPoints="0" sequenceCoverage="0" branchCoverage="0" maxCyclomaticComplexity="1" minCyclomaticComplexity="1" />
              <MetadataToken>100663343</MetadataToken>
              <Name>System.Void DataBaseGenerator.ModelObject::set_Properties(System.Collections.Generic.List`1&lt;DataBaseGenerator.Property&gt;)</Name>
              <SequencePoints />
              <BranchPoints />
              <MethodPoint vc="0" uspid="361" ordinal="0" offset="0" />
            </Method>
            <Method visited="false" cyclomaticComplexity="1" sequenceCoverage="0" branchCoverage="0" isConstructor="true" isStatic="false" isGetter="false" isSetter="false">
              <Summary numSequencePoints="5" visitedSequencePoints="0" numBranchPoints="1" visitedBranchPoints="0" sequenceCoverage="0" branchCoverage="0" maxCyclomaticComplexity="1" minCyclomaticComplexity="1" />
              <MetadataToken>100663344</MetadataToken>
              <Name>System.Void DataBaseGenerator.ModelObject::.ctor()</Name>
              <FileRef uid="11" />
              <SequencePoints>
                <SequencePoint vc="0" uspid="362" ordinal="0" offset="0" sl="15" sc="9" el="15" ec="29" bec="0" bev="0" fileid="11" />
                <SequencePoint vc="0" uspid="363" ordinal="1" offset="7" sl="16" sc="9" el="16" ec="10" bec="0" bev="0" fileid="11" />
                <SequencePoint vc="0" uspid="364" ordinal="2" offset="8" sl="17" sc="14" el="17" ec="52" bec="0" bev="0" fileid="11" />
                <SequencePoint vc="0" uspid="365" ordinal="3" offset="20" sl="18" sc="14" el="18" ec="53" bec="0" bev="0" fileid="11" />
                <SequencePoint vc="0" uspid="366" ordinal="4" offset="32" sl="19" sc="9" el="19" ec="10" bec="0" bev="0" fileid="11" />
              </SequencePoints>
              <BranchPoints />
              <MethodPoint xsi:type="SequencePoint" vc="0" uspid="362" ordinal="0" offset="0" sl="15" sc="9" el="15" ec="29" bec="0" bev="0" fileid="11" />
            </Method>
          </Methods>
        </Class>
        <Class>
          <Summary numSequencePoints="17" visitedSequencePoints="0" numBranchPoints="6" visitedBranchPoints="0" sequenceCoverage="0" branchCoverage="0" maxCyclomaticComplexity="2" minCyclomaticComplexity="1" />
          <FullName>DataBaseGenerator.Properties.Resources</FullName>
          <Methods>
            <Method visited="false" cyclomaticComplexity="2" sequenceCoverage="0" branchCoverage="0" isConstructor="false" isStatic="true" isGetter="true" isSetter="false">
              <Summary numSequencePoints="8" visitedSequencePoints="0" numBranchPoints="3" visitedBranchPoints="0" sequenceCoverage="0" branchCoverage="0" maxCyclomaticComplexity="2" minCyclomaticComplexity="2" />
              <MetadataToken>100663346</MetadataToken>
              <Name>System.Resources.ResourceManager DataBaseGenerator.Properties.Resources::get_ResourceManager()</Name>
              <FileRef uid="12" />
              <SequencePoints>
                <SequencePoint vc="0" uspid="367" ordinal="0" offset="0" sl="44" sc="13" el="44" ec="14" bec="0" bev="0" fileid="12" />
                <SequencePoint vc="0" uspid="368" ordinal="1" offset="1" sl="45" sc="17" el="45" ec="43" bec="2" bev="0" fileid="12" />
                <SequencePoint vc="0" uspid="369" ordinal="2" offset="16" sl="46" sc="17" el="46" ec="18" bec="0" bev="0" fileid="12" />
                <SequencePoint vc="0" uspid="370" ordinal="3" offset="17" sl="47" sc="21" el="47" ec="184" bec="0" bev="0" fileid="12" />
                <SequencePoint vc="0" uspid="371" ordinal="4" offset="43" sl="48" sc="21" el="48" ec="40" bec="0" bev="0" fileid="12" />
                <SequencePoint vc="0" uspid="372" ordinal="5" offset="49" sl="49" sc="17" el="49" ec="18" bec="0" bev="0" fileid="12" />
                <SequencePoint vc="0" uspid="373" ordinal="6" offset="50" sl="50" sc="17" el="50" ec="36" bec="0" bev="0" fileid="12" />
                <SequencePoint vc="0" uspid="374" ordinal="7" offset="58" sl="51" sc="13" el="51" ec="14" bec="0" bev="0" fileid="12" />
              </SequencePoints>
              <BranchPoints>
                <BranchPoint vc="0" uspid="375" ordinal="0" offset="14" sl="45" path="0" offsetend="16" fileid="12" />
                <BranchPoint vc="0" uspid="376" ordinal="1" offset="14" sl="45" path="1" offsetend="50" fileid="12" />
              </BranchPoints>
              <MethodPoint xsi:type="SequencePoint" vc="0" uspid="367" ordinal="0" offset="0" sl="44" sc="13" el="44" ec="14" bec="0" bev="0" fileid="12" />
            </Method>
            <Method visited="false" cyclomaticComplexity="1" sequenceCoverage="0" branchCoverage="0" isConstructor="false" isStatic="true" isGetter="true" isSetter="false">
              <Summary numSequencePoints="3" visitedSequencePoints="0" numBranchPoints="1" visitedBranchPoints="0" sequenceCoverage="0" branchCoverage="0" maxCyclomaticComplexity="1" minCyclomaticComplexity="1" />
              <MetadataToken>100663347</MetadataToken>
              <Name>System.Globalization.CultureInfo DataBaseGenerator.Properties.Resources::get_Culture()</Name>
              <FileRef uid="12" />
              <SequencePoints>
                <SequencePoint vc="0" uspid="377" ordinal="0" offset="0" sl="62" sc="13" el="62" ec="14" bec="0" bev="0" fileid="12" />
                <SequencePoint vc="0" uspid="378" ordinal="1" offset="1" sl="63" sc="17" el="63" ec="40" bec="0" bev="0" fileid="12" />
                <SequencePoint vc="0" uspid="379" ordinal="2" offset="9" sl="64" sc="13" el="64" ec="14" bec="0" bev="0" fileid="12" />
              </SequencePoints>
              <BranchPoints />
              <MethodPoint xsi:type="SequencePoint" vc="0" uspid="377" ordinal="0" offset="0" sl="62" sc="13" el="62" ec="14" bec="0" bev="0" fileid="12" />
            </Method>
            <Method visited="false" cyclomaticComplexity="1" sequenceCoverage="0" branchCoverage="0" isConstructor="false" isStatic="true" isGetter="false" isSetter="true">
              <Summary numSequencePoints="3" visitedSequencePoints="0" numBranchPoints="1" visitedBranchPoints="0" sequenceCoverage="0" branchCoverage="0" maxCyclomaticComplexity="1" minCyclomaticComplexity="1" />
              <MetadataToken>100663348</MetadataToken>
              <Name>System.Void DataBaseGenerator.Properties.Resources::set_Culture(System.Globalization.CultureInfo)</Name>
              <FileRef uid="12" />
              <SequencePoints>
                <SequencePoint vc="0" uspid="380" ordinal="0" offset="0" sl="66" sc="13" el="66" ec="14" bec="0" bev="0" fileid="12" />
                <SequencePoint vc="0" uspid="381" ordinal="1" offset="1" sl="67" sc="17" el="67" ec="41" bec="0" bev="0" fileid="12" />
                <SequencePoint vc="0" uspid="382" ordinal="2" offset="7" sl="68" sc="13" el="68" ec="14" bec="0" bev="0" fileid="12" />
              </SequencePoints>
              <BranchPoints />
              <MethodPoint xsi:type="SequencePoint" vc="0" uspid="380" ordinal="0" offset="0" sl="66" sc="13" el="66" ec="14" bec="0" bev="0" fileid="12" />
            </Method>
            <Method visited="false" cyclomaticComplexity="1" sequenceCoverage="0" branchCoverage="0" isConstructor="true" isStatic="false" isGetter="false" isSetter="false">
              <Summary numSequencePoints="3" visitedSequencePoints="0" numBranchPoints="1" visitedBranchPoints="0" sequenceCoverage="0" branchCoverage="0" maxCyclomaticComplexity="1" minCyclomaticComplexity="1" />
              <MetadataToken>100663345</MetadataToken>
              <Name>System.Void DataBaseGenerator.Properties.Resources::.ctor()</Name>
              <FileRef uid="12" />
              <SequencePoints>
                <SequencePoint vc="0" uspid="383" ordinal="0" offset="0" sl="32" sc="9" el="33" ec="29" bec="0" bev="0" fileid="12" />
                <SequencePoint vc="0" uspid="384" ordinal="1" offset="7" sl="34" sc="9" el="34" ec="10" bec="0" bev="0" fileid="12" />
                <SequencePoint vc="0" uspid="385" ordinal="2" offset="8" sl="35" sc="9" el="35" ec="10" bec="0" bev="0" fileid="12" />
              </SequencePoints>
              <BranchPoints />
              <MethodPoint xsi:type="SequencePoint" vc="0" uspid="383" ordinal="0" offset="0" sl="32" sc="9" el="33" ec="29" bec="0" bev="0" fileid="12" />
            </Method>
          </Methods>
        </Class>
        <Class>
          <Summary numSequencePoints="4" visitedSequencePoints="0" numBranchPoints="2" visitedBranchPoints="0" sequenceCoverage="0" branchCoverage="0" maxCyclomaticComplexity="1" minCyclomaticComplexity="1" />
          <FullName>DataBaseGenerator.Properties.Settings</FullName>
          <Methods>
            <Method visited="false" cyclomaticComplexity="1" sequenceCoverage="0" branchCoverage="0" isConstructor="false" isStatic="true" isGetter="true" isSetter="false">
              <Summary numSequencePoints="3" visitedSequencePoints="0" numBranchPoints="1" visitedBranchPoints="0" sequenceCoverage="0" branchCoverage="0" maxCyclomaticComplexity="1" minCyclomaticComplexity="1" />
              <MetadataToken>100663349</MetadataToken>
              <Name>DataBaseGenerator.Properties.Settings DataBaseGenerator.Properties.Settings::get_Default()</Name>
              <FileRef uid="13" />
              <SequencePoints>
                <SequencePoint vc="0" uspid="386" ordinal="0" offset="0" sl="25" sc="13" el="25" ec="14" bec="0" bev="0" fileid="13" />
                <SequencePoint vc="0" uspid="387" ordinal="1" offset="1" sl="26" sc="17" el="26" ec="40" bec="0" bev="0" fileid="13" />
                <SequencePoint vc="0" uspid="388" ordinal="2" offset="9" sl="27" sc="13" el="27" ec="14" bec="0" bev="0" fileid="13" />
              </SequencePoints>
              <BranchPoints />
              <MethodPoint xsi:type="SequencePoint" vc="0" uspid="386" ordinal="0" offset="0" sl="25" sc="13" el="25" ec="14" bec="0" bev="0" fileid="13" />
            </Method>
            <Method visited="false" cyclomaticComplexity="1" sequenceCoverage="0" branchCoverage="0" isConstructor="true" isStatic="false" isGetter="false" isSetter="false">
              <Summary numSequencePoints="0" visitedSequencePoints="0" numBranchPoints="0" visitedBranchPoints="0" sequenceCoverage="0" branchCoverage="0" maxCyclomaticComplexity="1" minCyclomaticComplexity="1" />
              <MetadataToken>100663350</MetadataToken>
              <Name>System.Void DataBaseGenerator.Properties.Settings::.ctor()</Name>
              <SequencePoints />
              <BranchPoints />
              <MethodPoint vc="0" uspid="389" ordinal="0" offset="0" />
            </Method>
            <Method visited="false" cyclomaticComplexity="1" sequenceCoverage="0" branchCoverage="0" isConstructor="true" isStatic="true" isGetter="false" isSetter="false">
              <Summary numSequencePoints="1" visitedSequencePoints="0" numBranchPoints="1" visitedBranchPoints="0" sequenceCoverage="0" branchCoverage="0" maxCyclomaticComplexity="1" minCyclomaticComplexity="1" />
              <MetadataToken>100663351</MetadataToken>
              <Name>System.Void DataBaseGenerator.Properties.Settings::.cctor()</Name>
              <FileRef uid="13" />
              <SequencePoints>
                <SequencePoint vc="0" uspid="390" ordinal="0" offset="0" sl="20" sc="9" el="20" ec="147" bec="0" bev="0" fileid="13" />
              </SequencePoints>
              <BranchPoints />
              <MethodPoint xsi:type="SequencePoint" vc="0" uspid="390" ordinal="0" offset="0" sl="20" sc="9" el="20" ec="147" bec="0" bev="0" fileid="13" />
            </Method>
          </Methods>
        </Class>
      </Classes>
    </Module>
    <Module skippedDueTo="MissingPdb" hash="68-70-92-ED-7C-B8-E9-C3-72-8E-E4-DE-3B-B4-AE-AC-B9-B9-83-3A">
      <FullName>C:\Windows\Microsoft.Net\assembly\GAC_MSIL\PresentationFramework\v4.0_4.0.0.0__31bf3856ad364e35\PresentationFramework.dll</FullName>
      <ModuleName>PresentationFramework</ModuleName>
      <Classes />
    </Module>
    <Module skippedDueTo="Filter" hash="A8-07-FD-DE-CB-CD-19-E8-41-FF-5F-5E-9E-C9-8B-63-0B-71-FB-18">
      <FullName>C:\Windows\Microsoft.Net\assembly\GAC_MSIL\System.Xaml\v4.0_4.0.0.0__b77a5c561934e089\System.Xaml.dll</FullName>
      <ModuleName>System.Xaml</ModuleName>
      <Classes />
    </Module>
    <Module skippedDueTo="MissingPdb" hash="84-C1-B7-1A-8F-45-89-29-AA-61-47-F6-00-77-A3-DC-0D-16-03-D9">
      <FullName>C:\Windows\Microsoft.Net\assembly\GAC_32\PresentationCore\v4.0_4.0.0.0__31bf3856ad364e35\PresentationCore.dll</FullName>
      <ModuleName>PresentationCore</ModuleName>
      <Classes />
    </Module>
    <Module skippedDueTo="MissingPdb" hash="65-84-09-3F-3D-4A-20-11-0F-F8-41-12-52-55-82-3D-5F-C7-91-15">
      <FullName>C:\Windows\assembly\GAC_MSIL\Microsoft.VisualStudio.QualityTools.AgentProcessManager\12.0.0.0__b03f5f7f11d50a3a\Microsoft.VisualStudio.QualityTools.AgentProcessManager.dll</FullName>
      <ModuleName>Microsoft.VisualStudio.QualityTools.AgentProcessManager</ModuleName>
      <Classes />
    </Module>
    <Module skippedDueTo="MissingPdb" hash="BF-6C-85-48-0A-74-60-89-2C-DB-0A-4D-BF-E3-85-68-0D-08-CD-10">
      <FullName>C:\Windows\assembly\GAC_MSIL\Microsoft.VisualStudio.QualityTools.DataCollectionAgentObject\12.0.0.0__b03f5f7f11d50a3a\Microsoft.VisualStudio.QualityTools.DataCollectionAgentObject.dll</FullName>
      <ModuleName>Microsoft.VisualStudio.QualityTools.DataCollectionAgentObject</ModuleName>
      <Classes />
    </Module>
    <Module skippedDueTo="MissingPdb" hash="C2-C1-8F-47-58-BB-5C-12-6A-16-A6-86-AB-70-8D-11-49-3A-AA-64">
      <FullName>C:\Windows\assembly\GAC_MSIL\Microsoft.VisualStudio.QualityTools.AgentObject\12.0.0.0__b03f5f7f11d50a3a\Microsoft.VisualStudio.QualityTools.AgentObject.dll</FullName>
      <ModuleName>Microsoft.VisualStudio.QualityTools.AgentObject</ModuleName>
      <Classes />
    </Module>
    <Module skippedDueTo="MissingPdb" hash="5D-4B-76-CA-B8-70-4D-26-A3-95-E9-EB-A9-4B-C4-42-8D-66-57-63">
      <FullName>C:\Windows\assembly\GAC_MSIL\Microsoft.VisualStudio.QualityTools.Tips.UnitTest.Adapter\12.0.0.0__b03f5f7f11d50a3a\Microsoft.VisualStudio.QualityTools.Tips.UnitTest.Adapter.dll</FullName>
      <ModuleName>Microsoft.VisualStudio.QualityTools.Tips.UnitTest.Adapter</ModuleName>
      <Classes />
    </Module>
    <Module skippedDueTo="MissingPdb" hash="DC-BB-C1-4C-4A-D0-77-C4-51-72-1D-4B-6E-68-F2-31-AA-61-44-D3">
      <FullName>C:\Program Files (x86)\Microsoft Visual Studio 12.0\Common7\IDE\PrivateAssemblies\DataCollectors\Microsoft.VisualStudio.PerformanceTools.DataCollection.dll</FullName>
      <ModuleName>Microsoft.VisualStudio.PerformanceTools.DataCollection</ModuleName>
      <Classes />
    </Module>
    <Module skippedDueTo="MissingPdb" hash="CC-AD-CE-97-BB-09-2E-35-3A-97-80-5F-28-9B-D3-1D-A6-28-CC-2D">
      <FullName>C:\Program Files (x86)\Microsoft Visual Studio 12.0\Common7\IDE\PrivateAssemblies\DataCollectors\Microsoft.VisualStudio.PerformanceTools.DataCollection.Editor.dll</FullName>
      <ModuleName>Microsoft.VisualStudio.PerformanceTools.DataCollection.Editor</ModuleName>
      <Classes />
    </Module>
    <Module skippedDueTo="Filter" hash="D7-60-8B-3A-74-63-B7-EF-30-F9-78-50-4D-1D-E3-44-AE-BD-86-53">
      <FullName>C:\Windows\Microsoft.Net\assembly\GAC_MSIL\mscorlib.resources\v4.0_4.0.0.0_fr_b77a5c561934e089\mscorlib.resources.dll</FullName>
      <ModuleName>mscorlib.resources</ModuleName>
      <Classes />
    </Module>
    <Module skippedDueTo="Filter" hash="12-B6-CB-35-8E-68-F3-55-1F-04-D0-E2-05-BC-CE-16-7F-FD-A3-AA">
      <FullName>C:\Windows\Microsoft.Net\assembly\GAC_MSIL\System.Windows.Forms\v4.0_4.0.0.0__b77a5c561934e089\System.Windows.Forms.dll</FullName>
      <ModuleName>System.Windows.Forms</ModuleName>
      <Classes />
    </Module>
    <Module skippedDueTo="Filter" hash="B9-DB-21-F8-BB-4A-0B-70-A0-6A-31-DA-1C-52-B5-39-B0-3D-53-B9">
      <FullName>C:\Windows\Microsoft.Net\assembly\GAC_MSIL\System.Drawing\v4.0_4.0.0.0__b03f5f7f11d50a3a\System.Drawing.dll</FullName>
      <ModuleName>System.Drawing</ModuleName>
      <Classes />
    </Module>
    <Module skippedDueTo="MissingPdb" hash="95-F5-F0-2B-4A-8F-27-1C-6E-72-F8-87-27-0D-53-FB-B2-6C-9E-79">
      <FullName>C:\Program Files (x86)\Microsoft Visual Studio 12.0\Common7\IDE\PrivateAssemblies\DataCollectors\VSPerfControl.Interop.dll</FullName>
      <ModuleName>VSPerfControl.Interop</ModuleName>
      <Classes />
    </Module>
  </Modules>
</CoverageSession>